07-Jun-2022-16:17:34 [Re_Framework.CoreBase.BaseClass] [INFO] [GetChromeOptions] -  Using Chrome Options 
07-Jun-2022-16:17:36 [Re_Framework.CoreBase.BaseClass] [INFO] [InitWebdriver] -  Using Chrome Driver  
07-Jun-2022-16:17:36 [Re_Framework.CoreBase.Helper.Common.BrowserHelper] [INFO] [BrowserMaximize] -  Browser Maximize 
07-Jun-2022-16:17:37 [Re_Framework.CoreBase.Helper.Common.BrowserHelper] [INFO] [NavigateToUrl] -  Navigate To Page https://voz.vn/
07-Jun-2022-16:17:37 [Re_Framework.CoreBase.Helper.Common.GenericHelper] [INFO] [IsElemetPresent] -  Checking for the element .p-navgroup-link--logIn > .p-navgroup-linkText
07-Jun-2022-16:17:39 [Re_Framework.CoreBase.BaseClass] [INFO] [TearDown] -  Stopping the Driver  
07-Jun-2022-16:22:04 [Re_Framework.CoreBase.BaseClass] [INFO] [GetChromeOptions] -  Using Chrome Options 
07-Jun-2022-16:22:08 [Re_Framework.CoreBase.BaseClass] [INFO] [InitWebdriver] -  Using Chrome Driver  
07-Jun-2022-16:22:08 [Re_Framework.CoreBase.Helper.Common.BrowserHelper] [INFO] [BrowserMaximize] -  Browser Maximize 
07-Jun-2022-16:22:09 [Re_Framework.CoreBase.Helper.Common.BrowserHelper] [INFO] [NavigateToUrl] -  Navigate To Page https://voz.vn/
07-Jun-2022-16:22:09 [Re_Framework.CoreBase.Helper.Common.GenericHelper] [INFO] [IsElemetPresent] -  Checking for the element .p-navgroup-link--logIn > .p-navgroup-linkText
07-Jun-2022-16:22:11 [Re_Framework.CoreBase.BaseClass] [INFO] [TearDown] -  Stopping the Driver  
07-Jun-2022-16:25:22 [Re_Framework.CoreBase.BaseClass] [INFO] [GetChromeOptions] -  Using Chrome Options 
07-Jun-2022-16:25:25 [Re_Framework.CoreBase.BaseClass] [INFO] [InitWebdriver] -  Using Chrome Driver  
07-Jun-2022-16:25:25 [Re_Framework.CoreBase.Helper.Common.BrowserHelper] [INFO] [BrowserMaximize] -  Browser Maximize 
07-Jun-2022-16:25:25 [Re_Framework.CoreBase.Helper.Common.BrowserHelper] [INFO] [NavigateToUrl] -  Navigate To Page https://voz.vn/
07-Jun-2022-16:25:25 [Re_Framework.CoreBase.Helper.Common.GenericHelper] [INFO] [IsElemetPresent] -  Checking for the element .p-navgroup-link--logIn > .p-navgroup-linkText
07-Jun-2022-16:25:28 [Re_Framework.CoreBase.BaseClass] [INFO] [TearDown] -  Stopping the Driver  
07-Jun-2022-16:26:51 [Re_Framework.CoreBase.BaseClass] [INFO] [GetChromeOptions] -  Using Chrome Options 
07-Jun-2022-16:26:53 [Re_Framework.CoreBase.BaseClass] [INFO] [InitWebdriver] -  Using Chrome Driver  
07-Jun-2022-16:26:53 [Re_Framework.CoreBase.Helper.Common.BrowserHelper] [INFO] [BrowserMaximize] -  Browser Maximize 
07-Jun-2022-16:26:53 [Re_Framework.CoreBase.Helper.Common.BrowserHelper] [INFO] [NavigateToUrl] -  Navigate To Page https://voz.vn/
07-Jun-2022-16:26:56 [Re_Framework.CoreBase.BaseClass] [INFO] [TearDown] -  Stopping the Driver  
07-Jun-2022-16:28:49 [Re_Framework.CoreBase.BaseClass] [INFO] [GetChromeOptions] -  Using Chrome Options 
07-Jun-2022-16:28:51 [Re_Framework.CoreBase.BaseClass] [INFO] [InitWebdriver] -  Using Chrome Driver  
07-Jun-2022-16:28:51 [Re_Framework.CoreBase.Helper.Common.BrowserHelper] [INFO] [BrowserMaximize] -  Browser Maximize 
07-Jun-2022-16:29:00 [Re_Framework.CoreBase.Helper.Common.BrowserHelper] [INFO] [NavigateToUrl] -  Navigate To Page https://voz.vn/
07-Jun-2022-16:29:38 [Re_Framework.CoreBase.Helper.Common.GenericHelper] [INFO] [IsElemetPresent] -  Checking for the element .p-navgroup-link--logIn > .p-navgroup-linkText
07-Jun-2022-16:30:05 [Re_Framework.CoreBase.Helper.Element.ButtonHelper] [INFO] [ClickButton] -  Button Click @ .p-navgroup-link--logIn > .p-navgroup-linkText
07-Jun-2022-16:30:24 [Re_Framework.CoreBase.Helper.Common.GenericHelper] [INFO] [IsElemetPresent] -  Checking for the element //input[@id='_xfUid-1-1654584004']
07-Jun-2022-16:30:36 [Re_Framework.CoreBase.BaseClass] [INFO] [TearDown] -  Stopping the Driver  
07-Jun-2022-18:15:34 [Re_Framework.CoreBase.BaseClass] [INFO] [GetChromeOptions] -  Using Chrome Options 
07-Jun-2022-18:15:38 [Re_Framework.CoreBase.BaseClass] [INFO] [InitWebdriver] -  Using Chrome Driver  
07-Jun-2022-18:15:38 [Re_Framework.CoreBase.Helper.Common.BrowserHelper] [INFO] [BrowserMaximize] -  Browser Maximize 
07-Jun-2022-18:15:53 [Re_Framework.CoreBase.BaseClass] [INFO] [TearDown] -  Stopping the Driver  
07-Jun-2022-19:57:08 [Re_Framework.CoreBase.BaseClass] [INFO] [GetChromeOptions] -  Using Chrome Options 
07-Jun-2022-19:57:09 [Re_Framework.CoreBase.BaseClass] [INFO] [InitWebdriver] -  Using Chrome Driver  
07-Jun-2022-19:57:09 [Re_Framework.CoreBase.Helper.Common.BrowserHelper] [INFO] [BrowserMaximize] -  Browser Maximize 
07-Jun-2022-19:57:15 [Re_Framework.CoreBase.Helper.Common.BrowserHelper] [INFO] [NavigateToUrl] -  Navigate To Page https://demoqa.com/
07-Jun-2022-19:58:55 [Re_Framework.CoreBase.BaseClass] [INFO] [GetChromeOptions] -  Using Chrome Options 
07-Jun-2022-19:58:56 [Re_Framework.CoreBase.BaseClass] [INFO] [InitWebdriver] -  Using Chrome Driver  
07-Jun-2022-19:58:56 [Re_Framework.CoreBase.Helper.Common.BrowserHelper] [INFO] [BrowserMaximize] -  Browser Maximize 
07-Jun-2022-19:59:04 [Re_Framework.CoreBase.Helper.Common.BrowserHelper] [INFO] [NavigateToUrl] -  Navigate To Page https://demoqa.com/
07-Jun-2022-20:01:07 [Re_Framework.CoreBase.BaseClass] [INFO] [GetChromeOptions] -  Using Chrome Options 
07-Jun-2022-20:01:09 [Re_Framework.CoreBase.BaseClass] [INFO] [InitWebdriver] -  Using Chrome Driver  
07-Jun-2022-20:01:09 [Re_Framework.CoreBase.Helper.Common.BrowserHelper] [INFO] [BrowserMaximize] -  Browser Maximize 
07-Jun-2022-20:01:17 [Re_Framework.CoreBase.Helper.Common.BrowserHelper] [INFO] [NavigateToUrl] -  Navigate To Page https://demoqa.com/
07-Jun-2022-20:01:17 [Re_Framework.CoreBase.Helper.Common.GenericHelper] [INFO] [IsElemetPresent] -  Checking for the element .card:nth-child(1) svg
07-Jun-2022-20:01:17 [Re_Framework.CoreBase.Helper.Element.ButtonHelper] [INFO] [ClickButton] -  Button Click @ .card:nth-child(1) svg
07-Jun-2022-20:01:17 [Re_Framework.CoreBase.Helper.Common.GenericHelper] [INFO] [IsElemetPresent] -  Checking for the element #userEmail
07-Jun-2022-20:01:19 [Re_Framework.CoreBase.BaseClass] [INFO] [TearDown] -  Stopping the Driver  
07-Jun-2022-20:05:00 [Re_Framework.CoreBase.BaseClass] [INFO] [GetChromeOptions] -  Using Chrome Options 
07-Jun-2022-20:05:01 [Re_Framework.CoreBase.BaseClass] [INFO] [InitWebdriver] -  Using Chrome Driver  
07-Jun-2022-20:05:01 [Re_Framework.CoreBase.Helper.Common.BrowserHelper] [INFO] [BrowserMaximize] -  Browser Maximize 
07-Jun-2022-20:05:08 [Re_Framework.CoreBase.Helper.Common.BrowserHelper] [INFO] [NavigateToUrl] -  Navigate To Page https://demoqa.com/
07-Jun-2022-20:05:08 [Re_Framework.CoreBase.Helper.Common.GenericHelper] [INFO] [IsElemetPresent] -  Checking for the element .card:nth-child(1) svg
07-Jun-2022-20:05:09 [Re_Framework.CoreBase.Helper.Element.ButtonHelper] [INFO] [ClickButton] -  Button Click @ .card:nth-child(1) svg
07-Jun-2022-20:05:09 [Re_Framework.CoreBase.Helper.Common.GenericHelper] [INFO] [IsElemetPresent] -  Checking for the element //li[@id='item-0']
07-Jun-2022-20:05:09 [Re_Framework.CoreBase.BaseClass] [INFO] [TearDown] -  Stopping the Driver  
07-Jun-2022-20:12:16 [Re_Framework.CoreBase.BaseClass] [INFO] [GetChromeOptions] -  Using Chrome Options 
07-Jun-2022-20:12:17 [Re_Framework.CoreBase.BaseClass] [INFO] [InitWebdriver] -  Using Chrome Driver  
07-Jun-2022-20:12:17 [Re_Framework.CoreBase.Helper.Common.BrowserHelper] [INFO] [BrowserMaximize] -  Browser Maximize 
07-Jun-2022-20:12:25 [Re_Framework.CoreBase.Helper.Common.BrowserHelper] [INFO] [NavigateToUrl] -  Navigate To Page https://demoqa.com/
07-Jun-2022-20:13:27 [Re_Framework.CoreBase.BaseClass] [INFO] [GetChromeOptions] -  Using Chrome Options 
07-Jun-2022-20:13:28 [Re_Framework.CoreBase.BaseClass] [INFO] [InitWebdriver] -  Using Chrome Driver  
07-Jun-2022-20:13:28 [Re_Framework.CoreBase.Helper.Common.BrowserHelper] [INFO] [BrowserMaximize] -  Browser Maximize 
07-Jun-2022-20:13:38 [Re_Framework.CoreBase.Helper.Common.BrowserHelper] [INFO] [NavigateToUrl] -  Navigate To Page https://demoqa.com/
07-Jun-2022-20:18:07 [Re_Framework.CoreBase.BaseClass] [INFO] [GetChromeOptions] -  Using Chrome Options 
07-Jun-2022-20:18:08 [Re_Framework.CoreBase.BaseClass] [INFO] [InitWebdriver] -  Using Chrome Driver  
07-Jun-2022-20:18:08 [Re_Framework.CoreBase.Helper.Common.BrowserHelper] [INFO] [BrowserMaximize] -  Browser Maximize 
07-Jun-2022-20:18:16 [Re_Framework.CoreBase.Helper.Common.BrowserHelper] [INFO] [NavigateToUrl] -  Navigate To Page https://demoqa.com/
07-Jun-2022-20:20:02 [Re_Framework.CoreBase.BaseClass] [INFO] [GetChromeOptions] -  Using Chrome Options 
07-Jun-2022-20:20:04 [Re_Framework.CoreBase.BaseClass] [INFO] [InitWebdriver] -  Using Chrome Driver  
07-Jun-2022-20:20:04 [Re_Framework.CoreBase.Helper.Common.BrowserHelper] [INFO] [BrowserMaximize] -  Browser Maximize 
07-Jun-2022-20:20:13 [Re_Framework.CoreBase.Helper.Common.BrowserHelper] [INFO] [NavigateToUrl] -  Navigate To Page https://demoqa.com/
07-Jun-2022-20:20:33 [Re_Framework.CoreBase.Helper.Element.ButtonHelper] [INFO] [IsButtonEnabled] -  Checking Is Button Enabled 
07-Jun-2022-20:20:56 [Re_Framework.CoreBase.Helper.Element.ButtonHelper] [INFO] [ClickButton] -  Button Click @ //html/body/div[2]/header/a/img
07-Jun-2022-20:23:31 [Re_Framework.CoreBase.BaseClass] [INFO] [GetChromeOptions] -  Using Chrome Options 
07-Jun-2022-20:23:32 [Re_Framework.CoreBase.BaseClass] [INFO] [InitWebdriver] -  Using Chrome Driver  
07-Jun-2022-20:23:32 [Re_Framework.CoreBase.Helper.Common.BrowserHelper] [INFO] [BrowserMaximize] -  Browser Maximize 
07-Jun-2022-20:23:39 [Re_Framework.CoreBase.Helper.Common.BrowserHelper] [INFO] [NavigateToUrl] -  Navigate To Page https://demoqa.com/
07-Jun-2022-20:23:39 [Re_Framework.CoreBase.Helper.Element.ButtonHelper] [INFO] [IsButtonEnabled] -  Checking Is Button Enabled 
07-Jun-2022-20:23:40 [Re_Framework.CoreBase.Helper.Element.ButtonHelper] [INFO] [ClickButton] -  Button Click @ /html/body/div[2]/div/div/div[2]/div/div[1]
07-Jun-2022-20:23:40 [Re_Framework.CoreBase.Helper.Element.ButtonHelper] [INFO] [IsButtonEnabled] -  Checking Is Button Enabled 
07-Jun-2022-20:23:40 [Re_Framework.CoreBase.BaseClass] [INFO] [TearDown] -  Stopping the Driver  
07-Jun-2022-20:24:08 [Re_Framework.CoreBase.BaseClass] [INFO] [GetChromeOptions] -  Using Chrome Options 
07-Jun-2022-20:24:09 [Re_Framework.CoreBase.BaseClass] [INFO] [InitWebdriver] -  Using Chrome Driver  
07-Jun-2022-20:24:09 [Re_Framework.CoreBase.Helper.Common.BrowserHelper] [INFO] [BrowserMaximize] -  Browser Maximize 
07-Jun-2022-20:24:16 [Re_Framework.CoreBase.Helper.Common.BrowserHelper] [INFO] [NavigateToUrl] -  Navigate To Page https://demoqa.com/
07-Jun-2022-20:24:16 [Re_Framework.CoreBase.Helper.Element.ButtonHelper] [INFO] [IsButtonEnabled] -  Checking Is Button Enabled 
07-Jun-2022-20:24:16 [Re_Framework.CoreBase.Helper.Element.ButtonHelper] [INFO] [ClickButton] -  Button Click @ /html/body/div[2]/div/div/div[2]/div/div[1]
07-Jun-2022-20:24:17 [Re_Framework.CoreBase.Helper.Element.ButtonHelper] [INFO] [IsButtonEnabled] -  Checking Is Button Enabled 
07-Jun-2022-20:24:17 [Re_Framework.CoreBase.Helper.Element.ButtonHelper] [INFO] [ClickButton] -  Button Click @ //li[@id='item-0']
07-Jun-2022-20:24:17 [Re_Framework.CoreBase.Helper.Element.TextBoxHelper] [INFO] [IsTextBoxEnabled] -  Checking Is Textbox Enabled 
07-Jun-2022-20:24:17 [Re_Framework.CoreBase.Helper.Element.TextBoxHelper] [INFO] [IsTextBoxEnabled] -  Checking Is Textbox Enabled 
07-Jun-2022-20:24:17 [Re_Framework.CoreBase.Helper.Element.TextBoxHelper] [INFO] [IsTextBoxEnabled] -  Checking Is Textbox Enabled 
07-Jun-2022-20:24:17 [Re_Framework.CoreBase.Helper.Element.TextBoxHelper] [INFO] [IsTextBoxEnabled] -  Checking Is Textbox Enabled 
07-Jun-2022-20:24:21 [Re_Framework.CoreBase.BaseClass] [INFO] [TearDown] -  Stopping the Driver  
08-Jun-2022-08:28:27 [Re_Framework.CoreBase.BaseClass] [INFO] [GetChromeOptions] -  Using Chrome Options 
08-Jun-2022-08:28:29 [Re_Framework.CoreBase.BaseClass] [INFO] [InitWebdriver] -  Using Chrome Driver  
08-Jun-2022-08:28:29 [Re_Framework.CoreBase.Helper.Common.BrowserHelper] [INFO] [BrowserMaximize] -  Browser Maximize 
08-Jun-2022-08:28:38 [Re_Framework.CoreBase.Helper.Common.BrowserHelper] [INFO] [NavigateToUrl] -  Navigate To Page https://demoqa.com/
08-Jun-2022-08:28:38 [Re_Framework.CoreBase.Helper.Element.ButtonHelper] [INFO] [IsButtonEnabled] -  Checking Is Button Enabled 
08-Jun-2022-08:28:38 [Re_Framework.CoreBase.Helper.Element.ButtonHelper] [INFO] [ClickButton] -  Button Click @ /html/body/div[2]/div/div/div[2]/div/div[1]
08-Jun-2022-08:28:39 [Re_Framework.CoreBase.BaseClass] [INFO] [TearDown] -  Stopping the Driver  
08-Jun-2022-08:29:34 [Re_Framework.CoreBase.BaseClass] [INFO] [GetChromeOptions] -  Using Chrome Options 
08-Jun-2022-08:29:36 [Re_Framework.CoreBase.BaseClass] [INFO] [InitWebdriver] -  Using Chrome Driver  
08-Jun-2022-08:29:36 [Re_Framework.CoreBase.Helper.Common.BrowserHelper] [INFO] [BrowserMaximize] -  Browser Maximize 
08-Jun-2022-08:29:44 [Re_Framework.CoreBase.Helper.Common.BrowserHelper] [INFO] [NavigateToUrl] -  Navigate To Page https://demoqa.com/
08-Jun-2022-08:29:44 [Re_Framework.CoreBase.Helper.Element.ButtonHelper] [INFO] [IsButtonEnabled] -  Checking Is Button Enabled 
08-Jun-2022-08:29:44 [Re_Framework.CoreBase.Helper.Element.ButtonHelper] [INFO] [ClickButton] -  Button Click @ /html/body/div[2]/div/div/div[2]/div/div[1]
08-Jun-2022-08:29:44 [Re_Framework.CoreBase.Helper.Element.ButtonHelper] [INFO] [IsButtonEnabled] -  Checking Is Button Enabled 
08-Jun-2022-08:29:44 [Re_Framework.CoreBase.Helper.Element.ButtonHelper] [INFO] [ClickButton] -  Button Click @ //li[@id='item-0']
08-Jun-2022-08:29:44 [Re_Framework.CoreBase.Helper.Element.TextBoxHelper] [INFO] [IsTextBoxEnabled] -  Checking Is Textbox Enabled 
08-Jun-2022-08:29:45 [Re_Framework.CoreBase.BaseClass] [INFO] [TearDown] -  Stopping the Driver  
08-Jun-2022-10:00:59 [Re_Framework.CoreBase.BaseClass] [INFO] [GetChromeOptions] -  Using Chrome Options 
08-Jun-2022-10:01:02 [Re_Framework.CoreBase.BaseClass] [INFO] [InitWebdriver] -  Using Chrome Driver  
08-Jun-2022-10:01:02 [Re_Framework.CoreBase.Helper.Common.BrowserHelper] [INFO] [BrowserMaximize] -  Browser Maximize 
08-Jun-2022-10:01:29 [Re_Framework.CoreBase.Helper.Common.BrowserHelper] [INFO] [NavigateToUrl] -  Navigate To Page https://demoqa.com/
08-Jun-2022-10:01:29 [Re_Framework.CoreBase.Helper.Element.ButtonHelper] [INFO] [IsButtonEnabled] -  Checking Is Button Enabled 
08-Jun-2022-10:01:29 [Re_Framework.CoreBase.Helper.Element.ButtonHelper] [INFO] [ClickButton] -  Button Click @ /html/body/div[2]/div/div/div[2]/div/div[1]
08-Jun-2022-10:01:29 [Re_Framework.CoreBase.Helper.Element.ButtonHelper] [INFO] [IsButtonEnabled] -  Checking Is Button Enabled 
08-Jun-2022-10:01:29 [Re_Framework.CoreBase.Helper.Element.ButtonHelper] [INFO] [ClickButton] -  Button Click @ //li[@id='item-0']
08-Jun-2022-10:01:29 [Re_Framework.CoreBase.Helper.Element.ButtonHelper] [INFO] [IsButtonEnabled] -  Checking Is Button Enabled 
08-Jun-2022-10:01:29 [Re_Framework.CoreBase.Helper.Element.ButtonHelper] [INFO] [ClickButton] -  Button Click @ //*[@id='submit']
08-Jun-2022-10:01:33 [Re_Framework.CoreBase.BaseClass] [INFO] [TearDown] -  Stopping the Driver  
08-Jun-2022-10:01:51 [Re_Framework.CoreBase.BaseClass] [INFO] [GetChromeOptions] -  Using Chrome Options 
08-Jun-2022-10:01:53 [Re_Framework.CoreBase.BaseClass] [INFO] [InitWebdriver] -  Using Chrome Driver  
08-Jun-2022-10:01:53 [Re_Framework.CoreBase.Helper.Common.BrowserHelper] [INFO] [BrowserMaximize] -  Browser Maximize 
08-Jun-2022-10:02:34 [Re_Framework.CoreBase.BaseClass] [INFO] [TearDown] -  Stopping the Driver  
08-Jun-2022-10:03:00 [Re_Framework.CoreBase.BaseClass] [INFO] [GetChromeOptions] -  Using Chrome Options 
08-Jun-2022-10:03:09 [Re_Framework.CoreBase.BaseClass] [INFO] [InitWebdriver] -  Using Chrome Driver  
08-Jun-2022-10:03:09 [Re_Framework.CoreBase.Helper.Common.BrowserHelper] [INFO] [BrowserMaximize] -  Browser Maximize 
08-Jun-2022-10:03:33 [Re_Framework.CoreBase.Helper.Common.BrowserHelper] [INFO] [NavigateToUrl] -  Navigate To Page https://demoqa.com/
08-Jun-2022-10:04:11 [Re_Framework.CoreBase.Helper.Element.ButtonHelper] [INFO] [IsButtonEnabled] -  Checking Is Button Enabled 
08-Jun-2022-10:04:11 [Re_Framework.CoreBase.Helper.Element.ButtonHelper] [INFO] [ClickButton] -  Button Click @ /html/body/div[2]/div/div/div[2]/div/div[1]
08-Jun-2022-10:05:16 [Re_Framework.CoreBase.BaseClass] [INFO] [TearDown] -  Stopping the Driver  
08-Jun-2022-10:06:19 [Re_Framework.CoreBase.BaseClass] [INFO] [GetChromeOptions] -  Using Chrome Options 
08-Jun-2022-10:06:21 [Re_Framework.CoreBase.BaseClass] [INFO] [InitWebdriver] -  Using Chrome Driver  
08-Jun-2022-10:06:21 [Re_Framework.CoreBase.Helper.Common.BrowserHelper] [INFO] [BrowserMaximize] -  Browser Maximize 
08-Jun-2022-10:07:02 [Re_Framework.CoreBase.BaseClass] [INFO] [TearDown] -  Stopping the Driver  
08-Jun-2022-10:07:12 [Re_Framework.CoreBase.BaseClass] [INFO] [GetChromeOptions] -  Using Chrome Options 
08-Jun-2022-10:07:14 [Re_Framework.CoreBase.BaseClass] [INFO] [InitWebdriver] -  Using Chrome Driver  
08-Jun-2022-10:07:14 [Re_Framework.CoreBase.Helper.Common.BrowserHelper] [INFO] [BrowserMaximize] -  Browser Maximize 
08-Jun-2022-10:07:47 [Re_Framework.CoreBase.Helper.Common.BrowserHelper] [INFO] [NavigateToUrl] -  Navigate To Page https://demoqa.com/
08-Jun-2022-10:08:18 [Re_Framework.CoreBase.BaseClass] [INFO] [TearDown] -  Stopping the Driver  
08-Jun-2022-10:44:19 [Re_Framework.CoreBase.BaseClass] [INFO] [GetChromeOptions] -  Using Chrome Options 
08-Jun-2022-10:44:22 [Re_Framework.CoreBase.BaseClass] [INFO] [InitWebdriver] -  Using Chrome Driver  
08-Jun-2022-10:44:22 [Re_Framework.CoreBase.Helper.Common.BrowserHelper] [INFO] [BrowserMaximize] -  Browser Maximize 
08-Jun-2022-10:44:57 [Re_Framework.CoreBase.Helper.Common.BrowserHelper] [INFO] [NavigateToUrl] -  Navigate To Page https://demoqa.com/
08-Jun-2022-10:44:57 [Re_Framework.CoreBase.Helper.Element.ButtonHelper] [INFO] [IsButtonEnabled] -  Checking Is Button Enabled 
08-Jun-2022-10:44:58 [Re_Framework.CoreBase.Helper.Element.ButtonHelper] [INFO] [ClickButton] -  Button Click @ /html/body/div[2]/div/div/div[2]/div/div[1]
08-Jun-2022-10:44:58 [Re_Framework.CoreBase.Helper.Element.ButtonHelper] [INFO] [IsButtonEnabled] -  Checking Is Button Enabled 
08-Jun-2022-10:44:58 [Re_Framework.CoreBase.Helper.Element.ButtonHelper] [INFO] [ClickButton] -  Button Click @ //li[@id='item-0']
08-Jun-2022-10:44:58 [Re_Framework.CoreBase.Helper.Element.ButtonHelper] [INFO] [IsButtonEnabled] -  Checking Is Button Enabled 
08-Jun-2022-10:44:58 [Re_Framework.CoreBase.Helper.Element.ButtonHelper] [INFO] [ClickButton] -  Button Click @ //*[@id='submit']
08-Jun-2022-10:44:58 [Re_Framework.CoreBase.BaseClass] [INFO] [TearDown] -  Stopping the Driver  
08-Jun-2022-10:45:28 [Re_Framework.CoreBase.BaseClass] [INFO] [GetChromeOptions] -  Using Chrome Options 
08-Jun-2022-10:45:31 [Re_Framework.CoreBase.BaseClass] [INFO] [InitWebdriver] -  Using Chrome Driver  
08-Jun-2022-10:45:31 [Re_Framework.CoreBase.Helper.Common.BrowserHelper] [INFO] [BrowserMaximize] -  Browser Maximize 
08-Jun-2022-10:46:10 [Re_Framework.CoreBase.Helper.Common.BrowserHelper] [INFO] [NavigateToUrl] -  Navigate To Page https://demoqa.com/
08-Jun-2022-10:46:10 [Re_Framework.CoreBase.Helper.Element.ButtonHelper] [INFO] [IsButtonEnabled] -  Checking Is Button Enabled 
08-Jun-2022-10:46:10 [Re_Framework.CoreBase.Helper.Element.ButtonHelper] [INFO] [ClickButton] -  Button Click @ /html/body/div[2]/div/div/div[2]/div/div[1]
08-Jun-2022-10:46:10 [Re_Framework.CoreBase.Helper.Element.ButtonHelper] [INFO] [IsButtonEnabled] -  Checking Is Button Enabled 
08-Jun-2022-10:46:10 [Re_Framework.CoreBase.Helper.Element.ButtonHelper] [INFO] [ClickButton] -  Button Click @ //li[@id='item-0']
08-Jun-2022-10:46:10 [Re_Framework.CoreBase.Helper.Element.TextBoxHelper] [INFO] [IsTextBoxEnabled] -  Checking Is Textbox Enabled 
08-Jun-2022-10:46:10 [Re_Framework.CoreBase.Helper.Element.TextBoxHelper] [INFO] [IsTextBoxEnabled] -  Checking Is Textbox Enabled 
08-Jun-2022-10:46:10 [Re_Framework.CoreBase.Helper.Element.TextBoxHelper] [INFO] [IsTextBoxEnabled] -  Checking Is Textbox Enabled 
08-Jun-2022-10:46:10 [Re_Framework.CoreBase.Helper.Element.TextBoxHelper] [INFO] [IsTextBoxEnabled] -  Checking Is Textbox Enabled 
08-Jun-2022-10:46:10 [Re_Framework.CoreBase.BaseClass] [INFO] [TearDown] -  Stopping the Driver  
08-Jun-2022-11:03:04 [Re_Framework.CoreBase.BaseClass] [INFO] [GetChromeOptions] -  Using Chrome Options 
08-Jun-2022-11:03:07 [Re_Framework.CoreBase.BaseClass] [INFO] [InitWebdriver] -  Using Chrome Driver  
08-Jun-2022-11:03:07 [Re_Framework.CoreBase.Helper.Common.BrowserHelper] [INFO] [BrowserMaximize] -  Browser Maximize 
08-Jun-2022-11:03:08 [Re_Framework.CoreBase.BaseClass] [INFO] [TearDown] -  Stopping the Driver  
08-Jun-2022-11:05:59 [Re_Framework.CoreBase.BaseClass] [INFO] [GetChromeOptions] -  Using Chrome Options 
08-Jun-2022-11:06:02 [Re_Framework.CoreBase.BaseClass] [INFO] [InitWebdriver] -  Using Chrome Driver  
08-Jun-2022-11:06:02 [Re_Framework.CoreBase.Helper.Common.BrowserHelper] [INFO] [BrowserMaximize] -  Browser Maximize 
08-Jun-2022-11:08:47 [Re_Framework.CoreBase.BaseClass] [INFO] [TearDown] -  Stopping the Driver  
08-Jun-2022-11:10:10 [Re_Framework.CoreBase.BaseClass] [INFO] [GetChromeOptions] -  Using Chrome Options 
08-Jun-2022-11:10:12 [Re_Framework.CoreBase.BaseClass] [INFO] [InitWebdriver] -  Using Chrome Driver  
08-Jun-2022-11:10:12 [Re_Framework.CoreBase.Helper.Common.BrowserHelper] [INFO] [BrowserMaximize] -  Browser Maximize 
08-Jun-2022-11:12:50 [Re_Framework.CoreBase.BaseClass] [INFO] [TearDown] -  Stopping the Driver  
08-Jun-2022-11:19:59 [Re_Framework.CoreBase.BaseClass] [INFO] [GetChromeOptions] -  Using Chrome Options 
08-Jun-2022-11:20:01 [Re_Framework.CoreBase.BaseClass] [INFO] [InitWebdriver] -  Using Chrome Driver  
08-Jun-2022-11:20:01 [Re_Framework.CoreBase.Helper.Common.BrowserHelper] [INFO] [BrowserMaximize] -  Browser Maximize 
08-Jun-2022-11:20:15 [Re_Framework.CoreBase.BaseClass] [INFO] [TearDown] -  Stopping the Driver  
08-Jun-2022-11:22:05 [Re_Framework.CoreBase.BaseClass] [INFO] [GetChromeOptions] -  Using Chrome Options 
08-Jun-2022-11:22:08 [Re_Framework.CoreBase.BaseClass] [INFO] [InitWebdriver] -  Using Chrome Driver  
08-Jun-2022-11:22:08 [Re_Framework.CoreBase.Helper.Common.BrowserHelper] [INFO] [BrowserMaximize] -  Browser Maximize 
08-Jun-2022-11:22:44 [Re_Framework.CoreBase.BaseClass] [INFO] [TearDown] -  Stopping the Driver  
08-Jun-2022-11:23:35 [Re_Framework.CoreBase.BaseClass] [INFO] [GetChromeOptions] -  Using Chrome Options 
08-Jun-2022-11:23:37 [Re_Framework.CoreBase.BaseClass] [INFO] [InitWebdriver] -  Using Chrome Driver  
08-Jun-2022-11:23:37 [Re_Framework.CoreBase.Helper.Common.BrowserHelper] [INFO] [BrowserMaximize] -  Browser Maximize 
08-Jun-2022-11:23:38 [Re_Framework.CoreBase.BaseClass] [INFO] [TearDown] -  Stopping the Driver  
08-Jun-2022-12:58:54 [Re_Framework.CoreBase.BaseClass] [INFO] [GetChromeOptions] -  Using Chrome Options 
08-Jun-2022-12:58:57 [Re_Framework.CoreBase.BaseClass] [INFO] [InitWebdriver] -  Using Chrome Driver  
08-Jun-2022-12:58:57 [Re_Framework.CoreBase.Helper.Common.BrowserHelper] [INFO] [BrowserMaximize] -  Browser Maximize 
08-Jun-2022-12:58:57 [Re_Framework.CoreBase.BaseClass] [INFO] [TearDown] -  Stopping the Driver  
08-Jun-2022-13:03:55 [Re_Framework.CoreBase.BaseClass] [INFO] [GetChromeOptions] -  Using Chrome Options 
08-Jun-2022-13:03:57 [Re_Framework.CoreBase.BaseClass] [INFO] [InitWebdriver] -  Using Chrome Driver  
08-Jun-2022-13:03:57 [Re_Framework.CoreBase.Helper.Common.BrowserHelper] [INFO] [BrowserMaximize] -  Browser Maximize 
08-Jun-2022-13:03:58 [Re_Framework.CoreBase.BaseClass] [INFO] [TearDown] -  Stopping the Driver  
08-Jun-2022-13:04:24 [Re_Framework.CoreBase.BaseClass] [INFO] [GetChromeOptions] -  Using Chrome Options 
08-Jun-2022-13:04:27 [Re_Framework.CoreBase.BaseClass] [INFO] [InitWebdriver] -  Using Chrome Driver  
08-Jun-2022-13:04:27 [Re_Framework.CoreBase.Helper.Common.BrowserHelper] [INFO] [BrowserMaximize] -  Browser Maximize 
08-Jun-2022-13:12:31 [Re_Framework.CoreBase.BaseClass] [INFO] [GetChromeOptions] -  Using Chrome Options 
08-Jun-2022-13:12:33 [Re_Framework.CoreBase.BaseClass] [INFO] [InitWebdriver] -  Using Chrome Driver  
08-Jun-2022-13:12:33 [Re_Framework.CoreBase.Helper.Common.BrowserHelper] [INFO] [BrowserMaximize] -  Browser Maximize 
08-Jun-2022-13:20:29 [Re_Framework.CoreBase.BaseClass] [INFO] [GetChromeOptions] -  Using Chrome Options 
08-Jun-2022-13:20:31 [Re_Framework.CoreBase.BaseClass] [INFO] [InitWebdriver] -  Using Chrome Driver  
08-Jun-2022-13:20:31 [Re_Framework.CoreBase.Helper.Common.BrowserHelper] [INFO] [BrowserMaximize] -  Browser Maximize 
08-Jun-2022-13:26:16 [Re_Framework.CoreBase.Helper.Common.BrowserHelper] [INFO] [NavigateToUrl] -  Navigate To Page https://demoqa.com/
08-Jun-2022-13:42:24 [Re_Framework.CoreBase.BaseClass] [INFO] [GetChromeOptions] -  Using Chrome Options 
08-Jun-2022-13:42:27 [Re_Framework.CoreBase.BaseClass] [INFO] [InitWebdriver] -  Using Chrome Driver  
08-Jun-2022-13:42:27 [Re_Framework.CoreBase.Helper.Common.BrowserHelper] [INFO] [BrowserMaximize] -  Browser Maximize 
08-Jun-2022-13:52:54 [Re_Framework.CoreBase.BaseClass] [INFO] [GetChromeOptions] -  Using Chrome Options 
08-Jun-2022-13:52:56 [Re_Framework.CoreBase.BaseClass] [INFO] [InitWebdriver] -  Using Chrome Driver  
08-Jun-2022-13:52:56 [Re_Framework.CoreBase.Helper.Common.BrowserHelper] [INFO] [BrowserMaximize] -  Browser Maximize 
08-Jun-2022-13:53:34 [Re_Framework.CoreBase.Helper.Common.BrowserHelper] [INFO] [NavigateToUrl] -  Navigate To Page https://demoqa.com/
08-Jun-2022-13:53:34 [Re_Framework.CoreBase.Helper.Element.ButtonHelper] [INFO] [IsButtonEnabled] -  Checking Is Button Enabled 
08-Jun-2022-13:53:34 [Re_Framework.CoreBase.Helper.Element.ButtonHelper] [INFO] [ClickButton] -  Button Click @ /html/body/div[2]/div/div/div[2]/div/div[1]
08-Jun-2022-13:53:34 [Re_Framework.CoreBase.Helper.Element.ButtonHelper] [INFO] [IsButtonEnabled] -  Checking Is Button Enabled 
08-Jun-2022-13:53:34 [Re_Framework.CoreBase.Helper.Element.ButtonHelper] [INFO] [ClickButton] -  Button Click @ //li[@id='item-0']
08-Jun-2022-13:53:34 [Re_Framework.CoreBase.Helper.Element.TextBoxHelper] [INFO] [IsTextBoxEnabled] -  Checking Is Textbox Enabled 
08-Jun-2022-13:53:34 [Re_Framework.CoreBase.Helper.Element.TextBoxHelper] [INFO] [TypeInTextBox] -  Type in Textbox @ #userName : value : ahihi
08-Jun-2022-13:53:34 [Re_Framework.CoreBase.Helper.Element.TextBoxHelper] [INFO] [IsTextBoxEnabled] -  Checking Is Textbox Enabled 
08-Jun-2022-13:53:34 [Re_Framework.CoreBase.Helper.Element.TextBoxHelper] [INFO] [TypeInTextBox] -  Type in Textbox @ #userEmail : value : ahihi@ahuhu.com
08-Jun-2022-13:53:34 [Re_Framework.CoreBase.Helper.Element.TextBoxHelper] [INFO] [IsTextBoxEnabled] -  Checking Is Textbox Enabled 
08-Jun-2022-13:53:34 [Re_Framework.CoreBase.Helper.Element.TextBoxHelper] [INFO] [TypeInTextBox] -  Type in Textbox @ #currentAddress : value : 12 Human Street, Mars Country
08-Jun-2022-13:53:34 [Re_Framework.CoreBase.Helper.Element.TextBoxHelper] [INFO] [IsTextBoxEnabled] -  Checking Is Textbox Enabled 
08-Jun-2022-13:53:34 [Re_Framework.CoreBase.Helper.Element.TextBoxHelper] [INFO] [TypeInTextBox] -  Type in Textbox @ #permanentAddress : value : Solar System
08-Jun-2022-13:53:39 [Re_Framework.CoreBase.Helper.Element.ButtonHelper] [INFO] [IsButtonEnabled] -  Checking Is Button Enabled 
08-Jun-2022-13:53:40 [Re_Framework.CoreBase.Helper.Element.ButtonHelper] [INFO] [ClickButton] -  Button Click @ //*[@id='submit']
08-Jun-2022-13:53:55 [Re_Framework.CoreBase.BaseClass] [INFO] [TearDown] -  Stopping the Driver  
08-Jun-2022-14:16:43 [Re_Framework.CoreBase.BaseClass] [INFO] [GetChromeOptions] -  Using Chrome Options 
08-Jun-2022-14:16:45 [Re_Framework.CoreBase.BaseClass] [INFO] [InitWebdriver] -  Using Chrome Driver  
08-Jun-2022-14:16:45 [Re_Framework.CoreBase.Helper.Common.BrowserHelper] [INFO] [BrowserMaximize] -  Browser Maximize 
08-Jun-2022-14:17:24 [Re_Framework.CoreBase.Helper.Common.BrowserHelper] [INFO] [NavigateToUrl] -  Navigate To Page https://demoqa.com/
08-Jun-2022-14:17:24 [Re_Framework.CoreBase.Helper.Element.ButtonHelper] [INFO] [IsButtonEnabled] -  Checking Is Button Enabled 
08-Jun-2022-14:17:24 [Re_Framework.CoreBase.Helper.Element.ButtonHelper] [INFO] [ClickButton] -  Button Click @ /html/body/div[2]/div/div/div[2]/div/div[1]
08-Jun-2022-14:17:24 [Re_Framework.CoreBase.Helper.Element.ButtonHelper] [INFO] [IsButtonEnabled] -  Checking Is Button Enabled 
08-Jun-2022-14:17:24 [Re_Framework.CoreBase.Helper.Element.ButtonHelper] [INFO] [ClickButton] -  Button Click @ //li[@id='item-0']
08-Jun-2022-14:17:24 [Re_Framework.CoreBase.Helper.Element.TextBoxHelper] [INFO] [IsTextBoxEnabled] -  Checking Is Textbox Enabled 
08-Jun-2022-14:17:24 [Re_Framework.CoreBase.Helper.Element.TextBoxHelper] [INFO] [TypeInTextBox] -  Type in Textbox @ #userName : value : ahihi
08-Jun-2022-14:17:24 [Re_Framework.CoreBase.Helper.Element.TextBoxHelper] [INFO] [IsTextBoxEnabled] -  Checking Is Textbox Enabled 
08-Jun-2022-14:17:24 [Re_Framework.CoreBase.Helper.Element.TextBoxHelper] [INFO] [TypeInTextBox] -  Type in Textbox @ #userEmail : value : ahihi@ahuhu.com
08-Jun-2022-14:17:24 [Re_Framework.CoreBase.Helper.Element.TextBoxHelper] [INFO] [IsTextBoxEnabled] -  Checking Is Textbox Enabled 
08-Jun-2022-14:17:24 [Re_Framework.CoreBase.Helper.Element.TextBoxHelper] [INFO] [TypeInTextBox] -  Type in Textbox @ #currentAddress : value : 12 Human Street, Mars Country
08-Jun-2022-14:17:24 [Re_Framework.CoreBase.Helper.Element.TextBoxHelper] [INFO] [IsTextBoxEnabled] -  Checking Is Textbox Enabled 
08-Jun-2022-14:17:24 [Re_Framework.CoreBase.Helper.Element.TextBoxHelper] [INFO] [TypeInTextBox] -  Type in Textbox @ #permanentAddress : value : Solar System
08-Jun-2022-14:17:24 [Re_Framework.CoreBase.Helper.Element.ButtonHelper] [INFO] [IsButtonEnabled] -  Checking Is Button Enabled 
08-Jun-2022-14:17:24 [Re_Framework.CoreBase.Helper.Element.ButtonHelper] [INFO] [ClickButton] -  Button Click @ //*[@id='submit']
08-Jun-2022-14:17:24 [Re_Framework.CoreBase.Helper.Element.TextBoxHelper] [INFO] [IsTextBoxEnabled] -  Checking Is Textbox Enabled 
08-Jun-2022-14:17:25 [Re_Framework.CoreBase.Helper.Element.TextHelper] [INFO] [GetTextInside] -  Text inside the Textbox @ //*[@id='name'] is Name:ahihi: 
08-Jun-2022-14:17:25 [Re_Framework.CoreBase.BaseClass] [INFO] [TearDown] -  Stopping the Driver  
08-Jun-2022-14:29:02 [Re_Framework.CoreBase.BaseClass] [INFO] [GetChromeOptions] -  Using Chrome Options 
08-Jun-2022-14:29:06 [Re_Framework.CoreBase.BaseClass] [INFO] [InitWebdriver] -  Using Chrome Driver  
08-Jun-2022-14:29:06 [Re_Framework.CoreBase.Helper.Common.BrowserHelper] [INFO] [BrowserMaximize] -  Browser Maximize 
08-Jun-2022-14:29:27 [Re_Framework.CoreBase.Helper.Common.BrowserHelper] [INFO] [NavigateToUrl] -  Navigate To Page https://demoqa.com/
08-Jun-2022-14:29:27 [Re_Framework.CoreBase.Helper.Element.ButtonHelper] [INFO] [IsButtonEnabled] -  Checking Is Button Enabled 
08-Jun-2022-14:29:28 [Re_Framework.CoreBase.Helper.Element.ButtonHelper] [INFO] [ClickButton] -  Button Click @ /html/body/div[2]/div/div/div[2]/div/div[1]
08-Jun-2022-14:29:28 [Re_Framework.CoreBase.Helper.Element.ButtonHelper] [INFO] [IsButtonEnabled] -  Checking Is Button Enabled 
08-Jun-2022-14:29:28 [Re_Framework.CoreBase.Helper.Element.ButtonHelper] [INFO] [ClickButton] -  Button Click @ //li[@id='item-0']
08-Jun-2022-14:29:28 [Re_Framework.CoreBase.Helper.Element.TextBoxHelper] [INFO] [IsTextBoxEnabled] -  Checking Is Textbox Enabled 
08-Jun-2022-14:29:28 [Re_Framework.CoreBase.Helper.Element.TextBoxHelper] [INFO] [TypeInTextBox] -  Type in Textbox @ #userName : value : ahihi
08-Jun-2022-14:29:28 [Re_Framework.CoreBase.Helper.Element.TextBoxHelper] [INFO] [IsTextBoxEnabled] -  Checking Is Textbox Enabled 
08-Jun-2022-14:29:28 [Re_Framework.CoreBase.Helper.Element.TextBoxHelper] [INFO] [TypeInTextBox] -  Type in Textbox @ #userEmail : value : ahihi@ahuhu.com
08-Jun-2022-14:29:28 [Re_Framework.CoreBase.Helper.Element.TextBoxHelper] [INFO] [IsTextBoxEnabled] -  Checking Is Textbox Enabled 
08-Jun-2022-14:29:28 [Re_Framework.CoreBase.Helper.Element.TextBoxHelper] [INFO] [TypeInTextBox] -  Type in Textbox @ #currentAddress : value : 12 Human Street, Mars Country
08-Jun-2022-14:29:28 [Re_Framework.CoreBase.Helper.Element.TextBoxHelper] [INFO] [IsTextBoxEnabled] -  Checking Is Textbox Enabled 
08-Jun-2022-14:29:28 [Re_Framework.CoreBase.Helper.Element.TextBoxHelper] [INFO] [TypeInTextBox] -  Type in Textbox @ #permanentAddress : value : Solar System
08-Jun-2022-14:29:28 [Re_Framework.CoreBase.Helper.Element.ButtonHelper] [INFO] [IsButtonEnabled] -  Checking Is Button Enabled 
08-Jun-2022-14:29:28 [Re_Framework.CoreBase.Helper.Element.ButtonHelper] [INFO] [ClickButton] -  Button Click @ //*[@id='submit']
08-Jun-2022-14:29:28 [Re_Framework.CoreBase.Helper.Element.TextBoxHelper] [INFO] [IsTextBoxEnabled] -  Checking Is Textbox Enabled 
08-Jun-2022-14:29:28 [Re_Framework.CoreBase.Helper.Element.TextHelper] [INFO] [GetTextInside] -  Text inside the Textbox @ //*[@id='name'] is Name:ahihi: 
08-Jun-2022-14:29:28 [Re_Framework.CoreBase.Helper.Element.TextBoxHelper] [INFO] [IsTextBoxEnabled] -  Checking Is Textbox Enabled 
08-Jun-2022-14:29:28 [Re_Framework.CoreBase.Helper.Element.TextHelper] [INFO] [GetTextInside] -  Text inside the Textbox @ //*[@id='email'] is Email:ahihi@ahuhu.com: 
08-Jun-2022-14:29:28 [Re_Framework.CoreBase.Helper.Element.TextBoxHelper] [INFO] [IsTextBoxEnabled] -  Checking Is Textbox Enabled 
08-Jun-2022-14:29:28 [Re_Framework.CoreBase.Helper.Element.TextHelper] [INFO] [GetTextInside] -  Text inside the Textbox @ //*[@id='currentAddress'] is : 
08-Jun-2022-14:29:28 [Re_Framework.CoreBase.Helper.Element.TextBoxHelper] [INFO] [IsTextBoxEnabled] -  Checking Is Textbox Enabled 
08-Jun-2022-14:29:28 [Re_Framework.CoreBase.Helper.Element.TextHelper] [INFO] [GetTextInside] -  Text inside the Textbox @ //*[@id='currentAddress'] is : 
08-Jun-2022-14:29:29 [Re_Framework.CoreBase.BaseClass] [INFO] [TearDown] -  Stopping the Driver  
08-Jun-2022-14:31:56 [Re_Framework.CoreBase.BaseClass] [INFO] [GetChromeOptions] -  Using Chrome Options 
08-Jun-2022-14:32:00 [Re_Framework.CoreBase.BaseClass] [INFO] [InitWebdriver] -  Using Chrome Driver  
08-Jun-2022-14:32:00 [Re_Framework.CoreBase.Helper.Common.BrowserHelper] [INFO] [BrowserMaximize] -  Browser Maximize 
08-Jun-2022-14:32:18 [Re_Framework.CoreBase.Helper.Common.BrowserHelper] [INFO] [NavigateToUrl] -  Navigate To Page https://demoqa.com/
08-Jun-2022-14:32:18 [Re_Framework.CoreBase.Helper.Element.ButtonHelper] [INFO] [IsButtonEnabled] -  Checking Is Button Enabled 
08-Jun-2022-14:32:18 [Re_Framework.CoreBase.Helper.Element.ButtonHelper] [INFO] [ClickButton] -  Button Click @ /html/body/div[2]/div/div/div[2]/div/div[1]
08-Jun-2022-14:32:18 [Re_Framework.CoreBase.Helper.Element.ButtonHelper] [INFO] [IsButtonEnabled] -  Checking Is Button Enabled 
08-Jun-2022-14:32:18 [Re_Framework.CoreBase.Helper.Element.ButtonHelper] [INFO] [ClickButton] -  Button Click @ //li[@id='item-0']
08-Jun-2022-14:32:18 [Re_Framework.CoreBase.Helper.Element.TextBoxHelper] [INFO] [IsTextBoxEnabled] -  Checking Is Textbox Enabled 
08-Jun-2022-14:32:18 [Re_Framework.CoreBase.Helper.Element.TextBoxHelper] [INFO] [TypeInTextBox] -  Type in Textbox @ #userName : value : ahihi
08-Jun-2022-14:32:18 [Re_Framework.CoreBase.Helper.Element.TextBoxHelper] [INFO] [IsTextBoxEnabled] -  Checking Is Textbox Enabled 
08-Jun-2022-14:32:18 [Re_Framework.CoreBase.Helper.Element.TextBoxHelper] [INFO] [TypeInTextBox] -  Type in Textbox @ #userEmail : value : ahihi@ahuhu.com
08-Jun-2022-14:32:18 [Re_Framework.CoreBase.Helper.Element.TextBoxHelper] [INFO] [IsTextBoxEnabled] -  Checking Is Textbox Enabled 
08-Jun-2022-14:32:19 [Re_Framework.CoreBase.Helper.Element.TextBoxHelper] [INFO] [TypeInTextBox] -  Type in Textbox @ #currentAddress : value : 12 Human Street, Mars Country
08-Jun-2022-14:32:19 [Re_Framework.CoreBase.Helper.Element.TextBoxHelper] [INFO] [IsTextBoxEnabled] -  Checking Is Textbox Enabled 
08-Jun-2022-14:32:19 [Re_Framework.CoreBase.Helper.Element.TextBoxHelper] [INFO] [TypeInTextBox] -  Type in Textbox @ #permanentAddress : value : Solar System
08-Jun-2022-14:32:19 [Re_Framework.CoreBase.Helper.Element.ButtonHelper] [INFO] [IsButtonEnabled] -  Checking Is Button Enabled 
08-Jun-2022-14:32:19 [Re_Framework.CoreBase.Helper.Element.ButtonHelper] [INFO] [ClickButton] -  Button Click @ //*[@id='submit']
08-Jun-2022-14:32:19 [Re_Framework.CoreBase.Helper.Element.TextBoxHelper] [INFO] [IsTextBoxEnabled] -  Checking Is Textbox Enabled 
08-Jun-2022-14:32:19 [Re_Framework.CoreBase.Helper.Element.TextHelper] [INFO] [GetTextInside] -  Text inside the Textbox @ //*[@id='name'] is Name:ahihi: 
08-Jun-2022-14:32:19 [Re_Framework.CoreBase.Helper.Element.TextBoxHelper] [INFO] [IsTextBoxEnabled] -  Checking Is Textbox Enabled 
08-Jun-2022-14:32:19 [Re_Framework.CoreBase.Helper.Element.TextHelper] [INFO] [GetTextInside] -  Text inside the Textbox @ //*[@id='email'] is Email:ahihi@ahuhu.com: 
08-Jun-2022-14:32:19 [Re_Framework.CoreBase.Helper.Element.TextBoxHelper] [INFO] [IsTextBoxEnabled] -  Checking Is Textbox Enabled 
08-Jun-2022-14:32:19 [Re_Framework.CoreBase.Helper.Element.TextHelper] [INFO] [GetTextInside] -  Text inside the Textbox @ //*[@id='currentAddress'] is : 
08-Jun-2022-14:32:19 [Re_Framework.CoreBase.Helper.Element.TextBoxHelper] [INFO] [IsTextBoxEnabled] -  Checking Is Textbox Enabled 
08-Jun-2022-14:32:19 [Re_Framework.CoreBase.Helper.Element.TextHelper] [INFO] [GetTextInside] -  Text inside the Textbox @ //*[@id='currentAddress'] is : 
08-Jun-2022-14:51:29 [Re_Framework.CoreBase.BaseClass] [INFO] [GetChromeOptions] -  Using Chrome Options 
08-Jun-2022-14:51:32 [Re_Framework.CoreBase.BaseClass] [INFO] [InitWebdriver] -  Using Chrome Driver  
08-Jun-2022-14:51:32 [Re_Framework.CoreBase.Helper.Common.BrowserHelper] [INFO] [BrowserMaximize] -  Browser Maximize 
08-Jun-2022-14:52:13 [Re_Framework.CoreBase.BaseClass] [INFO] [TearDown] -  Stopping the Driver  
08-Jun-2022-14:52:43 [Re_Framework.CoreBase.BaseClass] [INFO] [GetChromeOptions] -  Using Chrome Options 
08-Jun-2022-14:52:47 [Re_Framework.CoreBase.BaseClass] [INFO] [InitWebdriver] -  Using Chrome Driver  
08-Jun-2022-14:52:47 [Re_Framework.CoreBase.Helper.Common.BrowserHelper] [INFO] [BrowserMaximize] -  Browser Maximize 
08-Jun-2022-14:53:03 [Re_Framework.CoreBase.Helper.Common.BrowserHelper] [INFO] [NavigateToUrl] -  Navigate To Page https://demoqa.com/
08-Jun-2022-14:53:03 [Re_Framework.CoreBase.Helper.Element.ButtonHelper] [INFO] [IsButtonEnabled] -  Checking Is Button Enabled 
08-Jun-2022-14:53:03 [Re_Framework.CoreBase.Helper.Element.ButtonHelper] [INFO] [ClickButton] -  Button Click @ /html/body/div[2]/div/div/div[2]/div/div[1]
08-Jun-2022-14:53:03 [Re_Framework.CoreBase.Helper.Element.ButtonHelper] [INFO] [IsButtonEnabled] -  Checking Is Button Enabled 
08-Jun-2022-14:53:03 [Re_Framework.CoreBase.Helper.Element.ButtonHelper] [INFO] [ClickButton] -  Button Click @ //li[@id='item-0']
08-Jun-2022-14:53:03 [Re_Framework.CoreBase.Helper.Element.TextBoxHelper] [INFO] [IsTextBoxEnabled] -  Checking Is Textbox Enabled 
08-Jun-2022-14:53:04 [Re_Framework.CoreBase.Helper.Element.TextBoxHelper] [INFO] [TypeInTextBox] -  Type in Textbox @ #userName : value : ahihi
08-Jun-2022-14:53:04 [Re_Framework.CoreBase.Helper.Element.TextBoxHelper] [INFO] [IsTextBoxEnabled] -  Checking Is Textbox Enabled 
08-Jun-2022-14:53:04 [Re_Framework.CoreBase.Helper.Element.TextBoxHelper] [INFO] [TypeInTextBox] -  Type in Textbox @ #userEmail : value : ahihi@ahuhu.com
08-Jun-2022-14:53:04 [Re_Framework.CoreBase.Helper.Element.TextBoxHelper] [INFO] [IsTextBoxEnabled] -  Checking Is Textbox Enabled 
08-Jun-2022-14:53:04 [Re_Framework.CoreBase.Helper.Element.TextBoxHelper] [INFO] [TypeInTextBox] -  Type in Textbox @ #currentAddress : value : 12 Human Street, Mars Country
08-Jun-2022-14:53:04 [Re_Framework.CoreBase.Helper.Element.TextBoxHelper] [INFO] [IsTextBoxEnabled] -  Checking Is Textbox Enabled 
08-Jun-2022-14:53:04 [Re_Framework.CoreBase.Helper.Element.TextBoxHelper] [INFO] [TypeInTextBox] -  Type in Textbox @ #permanentAddress : value : Solar System
08-Jun-2022-14:53:04 [Re_Framework.CoreBase.Helper.Element.ButtonHelper] [INFO] [IsButtonEnabled] -  Checking Is Button Enabled 
08-Jun-2022-14:53:04 [Re_Framework.CoreBase.Helper.Element.ButtonHelper] [INFO] [ClickButton] -  Button Click @ //*[@id='submit']
08-Jun-2022-14:53:04 [Re_Framework.CoreBase.Helper.Element.TextBoxHelper] [INFO] [IsTextBoxEnabled] -  Checking Is Textbox Enabled 
08-Jun-2022-14:53:04 [Re_Framework.CoreBase.Helper.Element.TextHelper] [INFO] [GetTextInside] -  Text inside the Textbox @ //*[@id='name'] is Name:ahihi: 
08-Jun-2022-14:53:04 [Re_Framework.CoreBase.Helper.Element.TextBoxHelper] [INFO] [IsTextBoxEnabled] -  Checking Is Textbox Enabled 
08-Jun-2022-14:53:04 [Re_Framework.CoreBase.Helper.Element.TextHelper] [INFO] [GetTextInside] -  Text inside the Textbox @ //*[@id='email'] is Email:ahihi@ahuhu.com: 
08-Jun-2022-14:53:04 [Re_Framework.CoreBase.Helper.Element.TextBoxHelper] [INFO] [IsTextBoxEnabled] -  Checking Is Textbox Enabled 
08-Jun-2022-14:53:04 [Re_Framework.CoreBase.Helper.Element.TextHelper] [INFO] [GetTextInside] -  Text inside the Textbox @ //*[@id='currentAddress'] is : 
08-Jun-2022-14:53:04 [Re_Framework.CoreBase.Helper.Element.TextBoxHelper] [INFO] [IsTextBoxEnabled] -  Checking Is Textbox Enabled 
08-Jun-2022-14:53:04 [Re_Framework.CoreBase.Helper.Element.TextHelper] [INFO] [GetTextInside] -  Text inside the Textbox @ //*[@id='currentAddress'] is : 
08-Jun-2022-14:53:05 [Re_Framework.CoreBase.BaseClass] [INFO] [TearDown] -  Stopping the Driver  
08-Jun-2022-14:57:22 [Re_Framework.CoreBase.BaseClass] [INFO] [GetChromeOptions] -  Using Chrome Options 
08-Jun-2022-14:57:26 [Re_Framework.CoreBase.BaseClass] [INFO] [InitWebdriver] -  Using Chrome Driver  
08-Jun-2022-14:57:26 [Re_Framework.CoreBase.Helper.Common.BrowserHelper] [INFO] [BrowserMaximize] -  Browser Maximize 
08-Jun-2022-14:58:12 [Re_Framework.CoreBase.Helper.Common.BrowserHelper] [INFO] [NavigateToUrl] -  Navigate To Page https://demoqa.com/
08-Jun-2022-14:58:12 [Re_Framework.CoreBase.Helper.Element.ButtonHelper] [INFO] [IsButtonEnabled] -  Checking Is Button Enabled 
08-Jun-2022-14:58:13 [Re_Framework.CoreBase.Helper.Element.ButtonHelper] [INFO] [ClickButton] -  Button Click @ /html/body/div[2]/div/div/div[2]/div/div[1]
08-Jun-2022-14:58:13 [Re_Framework.CoreBase.Helper.Element.ButtonHelper] [INFO] [IsButtonEnabled] -  Checking Is Button Enabled 
08-Jun-2022-14:58:13 [Re_Framework.CoreBase.Helper.Element.ButtonHelper] [INFO] [ClickButton] -  Button Click @ //li[@id='item-0']
08-Jun-2022-14:58:13 [Re_Framework.CoreBase.Helper.Element.TextBoxHelper] [INFO] [IsTextBoxEnabled] -  Checking Is Textbox Enabled 
08-Jun-2022-14:58:13 [Re_Framework.CoreBase.Helper.Element.TextBoxHelper] [INFO] [IsTextBoxEnabled] -  Checking Is Textbox Enabled 
08-Jun-2022-14:58:13 [Re_Framework.CoreBase.Helper.Element.TextBoxHelper] [INFO] [IsTextBoxEnabled] -  Checking Is Textbox Enabled 
08-Jun-2022-14:58:13 [Re_Framework.CoreBase.Helper.Element.TextBoxHelper] [INFO] [IsTextBoxEnabled] -  Checking Is Textbox Enabled 
08-Jun-2022-14:58:13 [Re_Framework.CoreBase.BaseClass] [INFO] [TearDown] -  Stopping the Driver  
08-Jun-2022-15:12:57 [Re_Framework.CoreBase.BaseClass] [INFO] [GetChromeOptions] -  Using Chrome Options 
08-Jun-2022-15:13:03 [Re_Framework.CoreBase.BaseClass] [INFO] [InitWebdriver] -  Using Chrome Driver  
08-Jun-2022-15:13:03 [Re_Framework.CoreBase.Helper.Common.BrowserHelper] [INFO] [BrowserMaximize] -  Browser Maximize 
08-Jun-2022-15:13:49 [Re_Framework.CoreBase.Helper.Common.BrowserHelper] [INFO] [NavigateToUrl] -  Navigate To Page https://demoqa.com/
08-Jun-2022-15:13:49 [Re_Framework.CoreBase.Helper.Element.ButtonHelper] [INFO] [IsButtonEnabled] -  Checking Is Button Enabled 
08-Jun-2022-15:13:49 [Re_Framework.CoreBase.Helper.Element.ButtonHelper] [INFO] [ClickButton] -  Button Click @ /html/body/div[2]/div/div/div[2]/div/div[1]
08-Jun-2022-15:13:49 [Re_Framework.CoreBase.Helper.Element.ButtonHelper] [INFO] [IsButtonEnabled] -  Checking Is Button Enabled 
08-Jun-2022-15:13:49 [Re_Framework.CoreBase.Helper.Element.ButtonHelper] [INFO] [ClickButton] -  Button Click @ //*[@id='item-1']
08-Jun-2022-15:13:49 [Re_Framework.CoreBase.Helper.Element.CheckBoxHelper] [INFO] [IsCheckBoxChecked] -  Is CheckBox Checked : /html/body/div[2]/div/div/div[2]/div[2]/div[2]/div/ol/li/span/label/span[1]
08-Jun-2022-15:13:49 [Re_Framework.CoreBase.Helper.Element.CheckBoxHelper] [INFO] [IsCheckBoxChecked] -  Is CheckBox Checked : /html/body/div[2]/div/div/div[2]/div[2]/div[2]/div/ol/li/span/label/span[1]
08-Jun-2022-15:13:50 [Re_Framework.CoreBase.Helper.Element.CheckBoxHelper] [INFO] [IsCheckBoxChecked] -  Is CheckBox Checked : /html/body/div[2]/div/div/div[2]/div[2]/div[2]/div/ol/li/span/label/span[1]
08-Jun-2022-15:13:50 [Re_Framework.CoreBase.Helper.Element.CheckBoxHelper] [INFO] [IsCheckBoxChecked] -  Is CheckBox Checked : /html/body/div[2]/div/div/div[2]/div[2]/div[2]/div/ol/li/span/label/span[1]
08-Jun-2022-15:13:50 [Re_Framework.CoreBase.Helper.Element.CheckBoxHelper] [INFO] [IsCheckBoxChecked] -  Is CheckBox Checked : /html/body/div[2]/div/div/div[2]/div[2]/div[2]/div/ol/li/span/label/span[1]
08-Jun-2022-15:13:51 [Re_Framework.CoreBase.Helper.Element.CheckBoxHelper] [INFO] [IsCheckBoxChecked] -  Is CheckBox Checked : /html/body/div[2]/div/div/div[2]/div[2]/div[2]/div/ol/li/span/label/span[1]
08-Jun-2022-15:13:51 [Re_Framework.CoreBase.Helper.Element.CheckBoxHelper] [INFO] [IsCheckBoxChecked] -  Is CheckBox Checked : /html/body/div[2]/div/div/div[2]/div[2]/div[2]/div/ol/li/span/label/span[1]
08-Jun-2022-15:13:51 [Re_Framework.CoreBase.Helper.Element.CheckBoxHelper] [INFO] [IsCheckBoxChecked] -  Is CheckBox Checked : /html/body/div[2]/div/div/div[2]/div[2]/div[2]/div/ol/li/span/label/span[1]
08-Jun-2022-15:13:52 [Re_Framework.CoreBase.Helper.Element.CheckBoxHelper] [INFO] [IsCheckBoxChecked] -  Is CheckBox Checked : /html/body/div[2]/div/div/div[2]/div[2]/div[2]/div/ol/li/span/label/span[1]
08-Jun-2022-15:13:53 [Re_Framework.CoreBase.BaseClass] [INFO] [TearDown] -  Stopping the Driver  
08-Jun-2022-15:16:51 [Re_Framework.CoreBase.BaseClass] [INFO] [GetChromeOptions] -  Using Chrome Options 
08-Jun-2022-15:16:54 [Re_Framework.CoreBase.BaseClass] [INFO] [InitWebdriver] -  Using Chrome Driver  
08-Jun-2022-15:16:54 [Re_Framework.CoreBase.Helper.Common.BrowserHelper] [INFO] [BrowserMaximize] -  Browser Maximize 
08-Jun-2022-15:17:48 [Re_Framework.CoreBase.Helper.Common.BrowserHelper] [INFO] [NavigateToUrl] -  Navigate To Page https://demoqa.com/
08-Jun-2022-15:17:48 [Re_Framework.CoreBase.Helper.Element.ButtonHelper] [INFO] [IsButtonEnabled] -  Checking Is Button Enabled 
08-Jun-2022-15:17:49 [Re_Framework.CoreBase.Helper.Element.ButtonHelper] [INFO] [ClickButton] -  Button Click @ /html/body/div[2]/div/div/div[2]/div/div[1]
08-Jun-2022-15:17:49 [Re_Framework.CoreBase.Helper.Element.ButtonHelper] [INFO] [IsButtonEnabled] -  Checking Is Button Enabled 
08-Jun-2022-15:17:49 [Re_Framework.CoreBase.Helper.Element.ButtonHelper] [INFO] [ClickButton] -  Button Click @ //*[@id='item-1']
08-Jun-2022-15:17:49 [Re_Framework.CoreBase.Helper.Element.CheckBoxHelper] [INFO] [IsCheckBoxEnable] -  Is CheckBox Checked : /html/body/div[2]/div/div/div[2]/div[2]/div[2]/div/ol/li/span/label/span[1]
08-Jun-2022-15:17:49 [Re_Framework.CoreBase.Helper.Element.CheckBoxHelper] [INFO] [CheckedCheckBox] -  Click on Check box : /html/body/div[2]/div/div/div[2]/div[2]/div[2]/div/ol/li/span/label/span[1]
08-Jun-2022-15:17:49 [Re_Framework.CoreBase.BaseClass] [INFO] [TearDown] -  Stopping the Driver  
08-Jun-2022-15:33:57 [Re_Framework.CoreBase.BaseClass] [INFO] [GetChromeOptions] -  Using Chrome Options 
08-Jun-2022-15:34:01 [Re_Framework.CoreBase.BaseClass] [INFO] [InitWebdriver] -  Using Chrome Driver  
08-Jun-2022-15:34:01 [Re_Framework.CoreBase.Helper.Common.BrowserHelper] [INFO] [BrowserMaximize] -  Browser Maximize 
08-Jun-2022-15:34:32 [Re_Framework.CoreBase.Helper.Common.BrowserHelper] [INFO] [NavigateToUrl] -  Navigate To Page https://demoqa.com/
08-Jun-2022-15:34:32 [Re_Framework.CoreBase.Helper.Element.ButtonHelper] [INFO] [IsButtonEnabled] -  Checking Is Button Enabled 
08-Jun-2022-15:34:32 [Re_Framework.CoreBase.Helper.Element.ButtonHelper] [INFO] [ClickButton] -  Button Click @ /html/body/div[2]/div/div/div[2]/div/div[1]
08-Jun-2022-15:34:32 [Re_Framework.CoreBase.Helper.Element.ButtonHelper] [INFO] [IsButtonEnabled] -  Checking Is Button Enabled 
08-Jun-2022-15:34:32 [Re_Framework.CoreBase.Helper.Element.ButtonHelper] [INFO] [ClickButton] -  Button Click @ //*[@id='item-1']
08-Jun-2022-15:34:32 [Re_Framework.CoreBase.Helper.Element.CheckBoxHelper] [INFO] [IsCheckBoxEnable] -  Is CheckBox Checked : /html/body/div[2]/div/div/div[2]/div[2]/div[2]/div/ol/li/span/label/span[1]
08-Jun-2022-15:34:32 [Re_Framework.CoreBase.Helper.Element.CheckBoxHelper] [INFO] [CheckedCheckBox] -  Click on Check box : /html/body/div[2]/div/div/div[2]/div[2]/div[2]/div/ol/li/span/label/span[1]
08-Jun-2022-15:34:32 [Re_Framework.CoreBase.Helper.Element.ButtonHelper] [INFO] [IsButtonEnabled] -  Checking Is Button Enabled 
08-Jun-2022-15:34:32 [Re_Framework.CoreBase.Helper.Element.ButtonHelper] [INFO] [ClickButton] -  Button Click @ /html/body/div[2]/div/div/div[2]/div[2]/div[2]/div/ol/li/span/button
08-Jun-2022-15:34:47 [Re_Framework.CoreBase.BaseClass] [INFO] [TearDown] -  Stopping the Driver  
08-Jun-2022-15:40:19 [Re_Framework.CoreBase.BaseClass] [INFO] [GetChromeOptions] -  Using Chrome Options 
08-Jun-2022-15:40:22 [Re_Framework.CoreBase.BaseClass] [INFO] [InitWebdriver] -  Using Chrome Driver  
08-Jun-2022-15:40:22 [Re_Framework.CoreBase.Helper.Common.BrowserHelper] [INFO] [BrowserMaximize] -  Browser Maximize 
08-Jun-2022-15:40:58 [Re_Framework.CoreBase.Helper.Common.BrowserHelper] [INFO] [NavigateToUrl] -  Navigate To Page https://demoqa.com/
08-Jun-2022-15:40:58 [Re_Framework.CoreBase.Helper.Element.ButtonHelper] [INFO] [IsButtonEnabled] -  Checking Is Button Enabled 
08-Jun-2022-15:40:58 [Re_Framework.CoreBase.Helper.Element.ButtonHelper] [INFO] [ClickButton] -  Button Click @ /html/body/div[2]/div/div/div[2]/div/div[1]
08-Jun-2022-15:40:58 [Re_Framework.CoreBase.Helper.Element.ButtonHelper] [INFO] [IsButtonEnabled] -  Checking Is Button Enabled 
08-Jun-2022-15:40:59 [Re_Framework.CoreBase.Helper.Element.ButtonHelper] [INFO] [ClickButton] -  Button Click @ //*[@id='item-1']
08-Jun-2022-15:40:59 [Re_Framework.CoreBase.Helper.Element.CheckBoxHelper] [INFO] [IsCheckBoxEnable] -  Is CheckBox Checked : /html/body/div[2]/div/div/div[2]/div[2]/div[2]/div/ol/li/span/label/span[1]
08-Jun-2022-15:40:59 [Re_Framework.CoreBase.Helper.Element.CheckBoxHelper] [INFO] [CheckedCheckBox] -  Click on Check box : /html/body/div[2]/div/div/div[2]/div[2]/div[2]/div/ol/li/span/label/span[1]
08-Jun-2022-15:40:59 [Re_Framework.CoreBase.Helper.Element.ButtonHelper] [INFO] [IsButtonEnabled] -  Checking Is Button Enabled 
08-Jun-2022-15:40:59 [Re_Framework.CoreBase.Helper.Element.ButtonHelper] [INFO] [ClickButton] -  Button Click @ /html/body/div[2]/div/div/div[2]/div[2]/div[2]/div/ol/li/span/button
08-Jun-2022-15:41:02 [Re_Framework.CoreBase.BaseClass] [INFO] [TearDown] -  Stopping the Driver  
08-Jun-2022-15:43:59 [Re_Framework.CoreBase.BaseClass] [INFO] [GetChromeOptions] -  Using Chrome Options 
08-Jun-2022-15:44:03 [Re_Framework.CoreBase.BaseClass] [INFO] [InitWebdriver] -  Using Chrome Driver  
08-Jun-2022-15:44:03 [Re_Framework.CoreBase.Helper.Common.BrowserHelper] [INFO] [BrowserMaximize] -  Browser Maximize 
08-Jun-2022-15:44:26 [Re_Framework.CoreBase.Helper.Common.BrowserHelper] [INFO] [NavigateToUrl] -  Navigate To Page https://demoqa.com/
08-Jun-2022-15:44:26 [Re_Framework.CoreBase.Helper.Element.ButtonHelper] [INFO] [IsButtonEnabled] -  Checking Is Button Enabled 
08-Jun-2022-15:44:26 [Re_Framework.CoreBase.Helper.Element.ButtonHelper] [INFO] [ClickButton] -  Button Click @ /html/body/div[2]/div/div/div[2]/div/div[1]
08-Jun-2022-15:44:26 [Re_Framework.CoreBase.Helper.Element.ButtonHelper] [INFO] [IsButtonEnabled] -  Checking Is Button Enabled 
08-Jun-2022-15:44:26 [Re_Framework.CoreBase.Helper.Element.ButtonHelper] [INFO] [ClickButton] -  Button Click @ //*[@id='item-1']
08-Jun-2022-15:44:26 [Re_Framework.CoreBase.Helper.Element.CheckBoxHelper] [INFO] [IsCheckBoxEnable] -  Is CheckBox Checked : /html/body/div[2]/div/div/div[2]/div[2]/div[2]/div/ol/li/span/label/span[1]
08-Jun-2022-15:44:26 [Re_Framework.CoreBase.Helper.Element.CheckBoxHelper] [INFO] [CheckedCheckBox] -  Click on Check box : /html/body/div[2]/div/div/div[2]/div[2]/div[2]/div/ol/li/span/label/span[1]
08-Jun-2022-15:44:26 [Re_Framework.CoreBase.Helper.Element.ButtonHelper] [INFO] [IsButtonEnabled] -  Checking Is Button Enabled 
08-Jun-2022-15:44:26 [Re_Framework.CoreBase.Helper.Element.ButtonHelper] [INFO] [ClickButton] -  Button Click @ /html/body/div[2]/div/div/div[2]/div[2]/div[2]/div/ol/li/span/button
08-Jun-2022-15:44:26 [Re_Framework.CoreBase.Helper.Element.TextBoxHelper] [INFO] [IsTextBoxEnabled] -  Checking Is Textbox Enabled 
08-Jun-2022-15:44:26 [Re_Framework.CoreBase.Helper.Element.TextHelper] [INFO] [GetTextInside] -  Text inside the paragraph @ #result is You have selected :
home
desktop
notes
commands
documents
workspace
react
angular
veu
office
public
private
classified
general
downloads
wordFile
excelFile: 
08-Jun-2022-15:44:27 [Re_Framework.CoreBase.BaseClass] [INFO] [TearDown] -  Stopping the Driver  
08-Jun-2022-15:44:54 [Re_Framework.CoreBase.BaseClass] [INFO] [GetChromeOptions] -  Using Chrome Options 
08-Jun-2022-15:44:58 [Re_Framework.CoreBase.BaseClass] [INFO] [InitWebdriver] -  Using Chrome Driver  
08-Jun-2022-15:44:58 [Re_Framework.CoreBase.Helper.Common.BrowserHelper] [INFO] [BrowserMaximize] -  Browser Maximize 
08-Jun-2022-15:45:15 [Re_Framework.CoreBase.Helper.Common.BrowserHelper] [INFO] [NavigateToUrl] -  Navigate To Page https://demoqa.com/
08-Jun-2022-15:45:15 [Re_Framework.CoreBase.Helper.Element.ButtonHelper] [INFO] [IsButtonEnabled] -  Checking Is Button Enabled 
08-Jun-2022-15:45:15 [Re_Framework.CoreBase.Helper.Element.ButtonHelper] [INFO] [ClickButton] -  Button Click @ /html/body/div[2]/div/div/div[2]/div/div[1]
08-Jun-2022-15:45:15 [Re_Framework.CoreBase.Helper.Element.ButtonHelper] [INFO] [IsButtonEnabled] -  Checking Is Button Enabled 
08-Jun-2022-15:45:15 [Re_Framework.CoreBase.Helper.Element.ButtonHelper] [INFO] [ClickButton] -  Button Click @ //*[@id='item-1']
08-Jun-2022-15:45:15 [Re_Framework.CoreBase.Helper.Element.CheckBoxHelper] [INFO] [IsCheckBoxEnable] -  Is CheckBox Checked : /html/body/div[2]/div/div/div[2]/div[2]/div[2]/div/ol/li/span/label/span[1]
08-Jun-2022-15:45:16 [Re_Framework.CoreBase.Helper.Element.CheckBoxHelper] [INFO] [CheckedCheckBox] -  Click on Check box : /html/body/div[2]/div/div/div[2]/div[2]/div[2]/div/ol/li/span/label/span[1]
08-Jun-2022-15:45:16 [Re_Framework.CoreBase.Helper.Element.ButtonHelper] [INFO] [IsButtonEnabled] -  Checking Is Button Enabled 
08-Jun-2022-15:45:16 [Re_Framework.CoreBase.Helper.Element.ButtonHelper] [INFO] [ClickButton] -  Button Click @ /html/body/div[2]/div/div/div[2]/div[2]/div[2]/div/ol/li/span/button
08-Jun-2022-15:45:16 [Re_Framework.CoreBase.Helper.Element.TextBoxHelper] [INFO] [IsTextBoxEnabled] -  Checking Is Textbox Enabled 
08-Jun-2022-15:45:16 [Re_Framework.CoreBase.Helper.Element.TextHelper] [INFO] [GetTextInside] -  Text inside the paragraph @ #result is You have selected :
home
desktop
notes
commands
documents
workspace
react
angular
veu
office
public
private
classified
general
downloads
wordFile
excelFile: 
08-Jun-2022-15:45:16 [Re_Framework.CoreBase.BaseClass] [INFO] [TearDown] -  Stopping the Driver  
08-Jun-2022-15:47:48 [Re_Framework.CoreBase.BaseClass] [INFO] [GetChromeOptions] -  Using Chrome Options 
08-Jun-2022-15:47:52 [Re_Framework.CoreBase.BaseClass] [INFO] [InitWebdriver] -  Using Chrome Driver  
08-Jun-2022-15:47:52 [Re_Framework.CoreBase.Helper.Common.BrowserHelper] [INFO] [BrowserMaximize] -  Browser Maximize 
08-Jun-2022-15:48:19 [Re_Framework.CoreBase.Helper.Common.BrowserHelper] [INFO] [NavigateToUrl] -  Navigate To Page https://demoqa.com/
08-Jun-2022-15:48:19 [Re_Framework.CoreBase.Helper.Element.ButtonHelper] [INFO] [IsButtonEnabled] -  Checking Is Button Enabled 
08-Jun-2022-15:48:19 [Re_Framework.CoreBase.Helper.Element.ButtonHelper] [INFO] [ClickButton] -  Button Click @ /html/body/div[2]/div/div/div[2]/div/div[1]
08-Jun-2022-15:48:19 [Re_Framework.CoreBase.Helper.Element.ButtonHelper] [INFO] [IsButtonEnabled] -  Checking Is Button Enabled 
08-Jun-2022-15:48:19 [Re_Framework.CoreBase.Helper.Element.ButtonHelper] [INFO] [ClickButton] -  Button Click @ //*[@id='item-1']
08-Jun-2022-15:48:19 [Re_Framework.CoreBase.Helper.Element.CheckBoxHelper] [INFO] [IsCheckBoxEnable] -  Is CheckBox Checked : /html/body/div[2]/div/div/div[2]/div[2]/div[2]/div/ol/li/span/label/span[1]
08-Jun-2022-15:48:19 [Re_Framework.CoreBase.Helper.Element.CheckBoxHelper] [INFO] [CheckedCheckBox] -  Click on Check box : /html/body/div[2]/div/div/div[2]/div[2]/div[2]/div/ol/li/span/label/span[1]
08-Jun-2022-15:48:19 [Re_Framework.CoreBase.Helper.Element.ButtonHelper] [INFO] [IsButtonEnabled] -  Checking Is Button Enabled 
08-Jun-2022-15:48:19 [Re_Framework.CoreBase.Helper.Element.ButtonHelper] [INFO] [ClickButton] -  Button Click @ /html/body/div[2]/div/div/div[2]/div[2]/div[2]/div/ol/li/span/button
08-Jun-2022-15:48:19 [Re_Framework.CoreBase.Helper.Element.TextBoxHelper] [INFO] [IsTextBoxEnabled] -  Checking Is Textbox Enabled 
08-Jun-2022-15:48:19 [Re_Framework.CoreBase.Helper.Element.TextHelper] [INFO] [GetTextInside] -  Text inside the paragraph @ #result is You have selected :
home
desktop
notes
commands
documents
workspace
react
angular
veu
office
public
private
classified
general
downloads
wordFile
excelFile: 
08-Jun-2022-15:48:20 [Re_Framework.CoreBase.BaseClass] [INFO] [TearDown] -  Stopping the Driver  
08-Jun-2022-15:50:30 [Re_Framework.CoreBase.BaseClass] [INFO] [GetChromeOptions] -  Using Chrome Options 
08-Jun-2022-15:50:34 [Re_Framework.CoreBase.BaseClass] [INFO] [InitWebdriver] -  Using Chrome Driver  
08-Jun-2022-15:50:34 [Re_Framework.CoreBase.Helper.Common.BrowserHelper] [INFO] [BrowserMaximize] -  Browser Maximize 
08-Jun-2022-15:50:54 [Re_Framework.CoreBase.Helper.Common.BrowserHelper] [INFO] [NavigateToUrl] -  Navigate To Page https://demoqa.com/
08-Jun-2022-15:50:55 [Re_Framework.CoreBase.Helper.Element.ButtonHelper] [INFO] [IsButtonEnabled] -  Checking Is Button Enabled 
08-Jun-2022-15:50:55 [Re_Framework.CoreBase.Helper.Element.ButtonHelper] [INFO] [ClickButton] -  Button Click @ /html/body/div[2]/div/div/div[2]/div/div[1]
08-Jun-2022-15:50:55 [Re_Framework.CoreBase.Helper.Element.ButtonHelper] [INFO] [IsButtonEnabled] -  Checking Is Button Enabled 
08-Jun-2022-15:50:55 [Re_Framework.CoreBase.Helper.Element.ButtonHelper] [INFO] [ClickButton] -  Button Click @ //*[@id='item-1']
08-Jun-2022-15:50:55 [Re_Framework.CoreBase.Helper.Element.CheckBoxHelper] [INFO] [IsCheckBoxEnable] -  Is CheckBox Checked : /html/body/div[2]/div/div/div[2]/div[2]/div[2]/div/ol/li/span/label/span[1]
08-Jun-2022-15:50:55 [Re_Framework.CoreBase.Helper.Element.CheckBoxHelper] [INFO] [CheckedCheckBox] -  Click on Check box : /html/body/div[2]/div/div/div[2]/div[2]/div[2]/div/ol/li/span/label/span[1]
08-Jun-2022-15:50:55 [Re_Framework.CoreBase.Helper.Element.ButtonHelper] [INFO] [IsButtonEnabled] -  Checking Is Button Enabled 
08-Jun-2022-15:50:55 [Re_Framework.CoreBase.Helper.Element.ButtonHelper] [INFO] [ClickButton] -  Button Click @ /html/body/div[2]/div/div/div[2]/div[2]/div[2]/div/ol/li/span/button
08-Jun-2022-15:50:55 [Re_Framework.CoreBase.Helper.Element.TextBoxHelper] [INFO] [IsTextBoxEnabled] -  Checking Is Textbox Enabled 
08-Jun-2022-15:50:55 [Re_Framework.CoreBase.Helper.Element.TextHelper] [INFO] [GetTextInside] -  Text inside the paragraph @ #result is You have selected :
home
desktop
notes
commands
documents
workspace
react
angular
veu
office
public
private
classified
general
downloads
wordFile
excelFile: 
08-Jun-2022-15:50:56 [Re_Framework.CoreBase.BaseClass] [INFO] [TearDown] -  Stopping the Driver  
08-Jun-2022-16:01:34 [Re_Framework.CoreBase.BaseClass] [INFO] [GetChromeOptions] -  Using Chrome Options 
08-Jun-2022-16:01:38 [Re_Framework.CoreBase.BaseClass] [INFO] [InitWebdriver] -  Using Chrome Driver  
08-Jun-2022-16:01:38 [Re_Framework.CoreBase.Helper.Common.BrowserHelper] [INFO] [BrowserMaximize] -  Browser Maximize 
08-Jun-2022-16:02:12 [Re_Framework.CoreBase.Helper.Common.BrowserHelper] [INFO] [NavigateToUrl] -  Navigate To Page https://demoqa.com/
08-Jun-2022-16:02:12 [Re_Framework.CoreBase.Helper.Element.ButtonHelper] [INFO] [IsButtonEnabled] -  Checking Is Button Enabled 
08-Jun-2022-16:02:12 [Re_Framework.CoreBase.Helper.Element.ButtonHelper] [INFO] [ClickButton] -  Button Click @ /html/body/div[2]/div/div/div[2]/div/div[1]
08-Jun-2022-16:02:12 [Re_Framework.CoreBase.Helper.Element.ButtonHelper] [INFO] [IsButtonEnabled] -  Checking Is Button Enabled 
08-Jun-2022-16:02:12 [Re_Framework.CoreBase.Helper.Element.ButtonHelper] [INFO] [ClickButton] -  Button Click @ //*[@id='item-1']
08-Jun-2022-16:02:12 [Re_Framework.CoreBase.Helper.Element.ButtonHelper] [INFO] [IsButtonEnabled] -  Checking Is Button Enabled 
08-Jun-2022-16:02:12 [Re_Framework.CoreBase.Helper.Element.ButtonHelper] [INFO] [ClickButton] -  Button Click @ /html/body/div[2]/div/div/div[2]/div[2]/div[2]/div/ol/li/span/button
08-Jun-2022-16:02:12 [Re_Framework.CoreBase.Helper.Element.CheckBoxHelper] [INFO] [IsCheckBoxEnable] -  Is CheckBox Checked : /html/body/div[2]/div/div/div[2]/div[2]/div[2]/div/ol/li/ol/li[1]/span/label/span[1]
08-Jun-2022-16:02:13 [Re_Framework.CoreBase.Helper.Element.CheckBoxHelper] [INFO] [CheckedCheckBox] -  Click on Check box : /html/body/div[2]/div/div/div[2]/div[2]/div[2]/div/ol/li/ol/li[1]/span/label/span[1]
08-Jun-2022-16:02:13 [Re_Framework.CoreBase.Helper.Element.CheckBoxHelper] [INFO] [IsCheckBoxEnable] -  Is CheckBox Checked : /html/body/div[2]/div/div/div[2]/div[2]/div[2]/div/ol/li/span/label/span[1]
08-Jun-2022-16:02:13 [Re_Framework.CoreBase.Helper.Element.CheckBoxHelper] [INFO] [IsCheckBoxIntermediate] -  Is CheckBox Intermediate : /html/body/div[2]/div/div/div[2]/div[2]/div[2]/div/ol/li/span/label/span[1]
08-Jun-2022-16:02:13 [Re_Framework.CoreBase.Helper.Element.TextBoxHelper] [INFO] [IsTextBoxEnabled] -  Checking Is Textbox Enabled 
08-Jun-2022-16:02:13 [Re_Framework.CoreBase.Helper.Element.TextHelper] [INFO] [GetTextInside] -  Text inside the paragraph @ #result is You have selected :
desktop
notes
commands: 
08-Jun-2022-16:02:13 [Re_Framework.CoreBase.BaseClass] [INFO] [TearDown] -  Stopping the Driver  
08-Jun-2022-16:20:11 [Re_Framework.CoreBase.BaseClass] [INFO] [GetChromeOptions] -  Using Chrome Options 
08-Jun-2022-16:20:14 [Re_Framework.CoreBase.BaseClass] [INFO] [InitWebdriver] -  Using Chrome Driver  
08-Jun-2022-16:20:14 [Re_Framework.CoreBase.Helper.Common.BrowserHelper] [INFO] [BrowserMaximize] -  Browser Maximize 
08-Jun-2022-16:20:38 [Re_Framework.CoreBase.Helper.Common.BrowserHelper] [INFO] [NavigateToUrl] -  Navigate To Page https://demoqa.com/
08-Jun-2022-16:20:38 [Re_Framework.CoreBase.Helper.Element.ButtonHelper] [INFO] [IsButtonEnabled] -  Checking Is Button Enabled 
08-Jun-2022-16:20:38 [Re_Framework.CoreBase.Helper.Element.ButtonHelper] [INFO] [ClickButton] -  Button Click @ /html/body/div[2]/div/div/div[2]/div/div[1]
08-Jun-2022-16:20:38 [Re_Framework.CoreBase.Helper.Element.ButtonHelper] [INFO] [IsButtonEnabled] -  Checking Is Button Enabled 
08-Jun-2022-16:20:38 [Re_Framework.CoreBase.Helper.Element.ButtonHelper] [INFO] [ClickButton] -  Button Click @ //*[@id='item-1']
08-Jun-2022-16:20:38 [Re_Framework.CoreBase.Helper.Element.CheckBoxHelper] [INFO] [IsCheckBoxEnable] -  Is CheckBox Checked : /html/body/div[2]/div/div/div[2]/div[2]/div[2]/div/ol/li/span/label/span[1]
08-Jun-2022-16:20:38 [Re_Framework.CoreBase.Helper.Element.CheckBoxHelper] [INFO] [CheckedCheckBox] -  Click on Check box : /html/body/div[2]/div/div/div[2]/div[2]/div[2]/div/ol/li/span/label/span[1]
08-Jun-2022-16:20:38 [Re_Framework.CoreBase.Helper.Element.ButtonHelper] [INFO] [IsButtonEnabled] -  Checking Is Button Enabled 
08-Jun-2022-16:20:38 [Re_Framework.CoreBase.Helper.Element.ButtonHelper] [INFO] [ClickButton] -  Button Click @ /html/body/div[2]/div/div/div[2]/div[2]/div[2]/div/ol/li/span/button
08-Jun-2022-16:20:38 [Re_Framework.CoreBase.Helper.Element.ButtonHelper] [INFO] [IsButtonEnabled] -  Checking Is Button Enabled 
08-Jun-2022-16:20:38 [Re_Framework.CoreBase.Helper.Element.ButtonHelper] [INFO] [ClickButton] -  Button Click @ /html/body/div[2]/div/div/div[2]/div[2]/div[2]/div/ol/li/ol/li[1]/span/button
08-Jun-2022-16:20:38 [Re_Framework.CoreBase.Helper.Element.ButtonHelper] [INFO] [IsButtonEnabled] -  Checking Is Button Enabled 
08-Jun-2022-16:20:39 [Re_Framework.CoreBase.Helper.Element.ButtonHelper] [INFO] [ClickButton] -  Button Click @ /html/body/div[2]/div/div/div[2]/div[2]/div[2]/div/ol/li/ol/li[2]/span/button
08-Jun-2022-16:20:39 [Re_Framework.CoreBase.Helper.Element.ButtonHelper] [INFO] [IsButtonEnabled] -  Checking Is Button Enabled 
08-Jun-2022-16:20:39 [Re_Framework.CoreBase.Helper.Element.ButtonHelper] [INFO] [ClickButton] -  Button Click @ /html/body/div[2]/div/div/div[2]/div[2]/div[2]/div/ol/li/ol/li[3]/span/button
08-Jun-2022-16:20:39 [Re_Framework.CoreBase.Helper.Element.TextBoxHelper] [INFO] [IsTextBoxEnabled] -  Checking Is Textbox Enabled 
08-Jun-2022-16:20:39 [Re_Framework.CoreBase.Helper.Element.TextHelper] [INFO] [GetTextInside] -  Text inside the paragraph @ #result is You have selected :
home
desktop
notes
commands
documents
workspace
react
angular
veu
office
public
private
classified
general
downloads
wordFile
excelFile: 
08-Jun-2022-16:20:40 [Re_Framework.CoreBase.Helper.Common.BrowserHelper] [INFO] [NavigateToUrl] -  Navigate To Page https://demoqa.com/
08-Jun-2022-16:20:40 [Re_Framework.CoreBase.Helper.Element.ButtonHelper] [INFO] [IsButtonEnabled] -  Checking Is Button Enabled 
08-Jun-2022-16:20:40 [Re_Framework.CoreBase.Helper.Element.ButtonHelper] [INFO] [ClickButton] -  Button Click @ /html/body/div[2]/div/div/div[2]/div/div[1]
08-Jun-2022-16:20:40 [Re_Framework.CoreBase.Helper.Element.ButtonHelper] [INFO] [IsButtonEnabled] -  Checking Is Button Enabled 
08-Jun-2022-16:20:40 [Re_Framework.CoreBase.Helper.Element.ButtonHelper] [INFO] [ClickButton] -  Button Click @ //*[@id='item-1']
08-Jun-2022-16:20:40 [Re_Framework.CoreBase.Helper.Element.ButtonHelper] [INFO] [IsButtonEnabled] -  Checking Is Button Enabled 
08-Jun-2022-16:20:40 [Re_Framework.CoreBase.Helper.Element.ButtonHelper] [INFO] [ClickButton] -  Button Click @ /html/body/div[2]/div/div/div[2]/div[2]/div[2]/div/ol/li/span/button
08-Jun-2022-16:20:40 [Re_Framework.CoreBase.Helper.Element.CheckBoxHelper] [INFO] [IsCheckBoxEnable] -  Is CheckBox Checked : /html/body/div[2]/div/div/div[2]/div[2]/div[2]/div/ol/li/ol/li[1]/span/label/span[1]
08-Jun-2022-16:20:40 [Re_Framework.CoreBase.Helper.Element.CheckBoxHelper] [INFO] [CheckedCheckBox] -  Click on Check box : /html/body/div[2]/div/div/div[2]/div[2]/div[2]/div/ol/li/ol/li[1]/span/label/span[1]
08-Jun-2022-16:20:40 [Re_Framework.CoreBase.Helper.Element.CheckBoxHelper] [INFO] [IsCheckBoxEnable] -  Is CheckBox Checked : /html/body/div[2]/div/div/div[2]/div[2]/div[2]/div/ol/li/span/label/span[1]
08-Jun-2022-16:20:40 [Re_Framework.CoreBase.Helper.Element.CheckBoxHelper] [INFO] [IsCheckBoxIntermediate] -  Is CheckBox Intermediate : /html/body/div[2]/div/div/div[2]/div[2]/div[2]/div/ol/li/span/label/span[1]
08-Jun-2022-16:20:40 [Re_Framework.CoreBase.Helper.Element.TextBoxHelper] [INFO] [IsTextBoxEnabled] -  Checking Is Textbox Enabled 
08-Jun-2022-16:20:40 [Re_Framework.CoreBase.Helper.Element.TextHelper] [INFO] [GetTextInside] -  Text inside the paragraph @ #result is You have selected :
desktop
notes
commands: 
08-Jun-2022-16:20:41 [Re_Framework.CoreBase.Helper.Common.BrowserHelper] [INFO] [NavigateToUrl] -  Navigate To Page https://demoqa.com/
08-Jun-2022-16:20:41 [Re_Framework.CoreBase.Helper.Element.ButtonHelper] [INFO] [IsButtonEnabled] -  Checking Is Button Enabled 
08-Jun-2022-16:20:41 [Re_Framework.CoreBase.Helper.Element.ButtonHelper] [INFO] [ClickButton] -  Button Click @ /html/body/div[2]/div/div/div[2]/div/div[1]
08-Jun-2022-16:20:41 [Re_Framework.CoreBase.Helper.Element.ButtonHelper] [INFO] [IsButtonEnabled] -  Checking Is Button Enabled 
08-Jun-2022-16:20:41 [Re_Framework.CoreBase.Helper.Element.ButtonHelper] [INFO] [ClickButton] -  Button Click @ //li[@id='item-0']
08-Jun-2022-16:20:41 [Re_Framework.CoreBase.Helper.Element.TextBoxHelper] [INFO] [IsTextBoxEnabled] -  Checking Is Textbox Enabled 
08-Jun-2022-16:20:41 [Re_Framework.CoreBase.Helper.Element.TextBoxHelper] [INFO] [TypeInTextBox] -  Type in Textbox @ #userName : value : ahihi
08-Jun-2022-16:20:41 [Re_Framework.CoreBase.Helper.Element.TextBoxHelper] [INFO] [IsTextBoxEnabled] -  Checking Is Textbox Enabled 
08-Jun-2022-16:20:41 [Re_Framework.CoreBase.Helper.Element.TextBoxHelper] [INFO] [TypeInTextBox] -  Type in Textbox @ #userEmail : value : ahihi@ahuhu.com
08-Jun-2022-16:20:41 [Re_Framework.CoreBase.Helper.Element.TextBoxHelper] [INFO] [IsTextBoxEnabled] -  Checking Is Textbox Enabled 
08-Jun-2022-16:20:41 [Re_Framework.CoreBase.Helper.Element.TextBoxHelper] [INFO] [TypeInTextBox] -  Type in Textbox @ #currentAddress : value : 12 Human Street, Mars Country
08-Jun-2022-16:20:41 [Re_Framework.CoreBase.Helper.Element.TextBoxHelper] [INFO] [IsTextBoxEnabled] -  Checking Is Textbox Enabled 
08-Jun-2022-16:20:41 [Re_Framework.CoreBase.Helper.Element.TextBoxHelper] [INFO] [TypeInTextBox] -  Type in Textbox @ #permanentAddress : value : Solar System
08-Jun-2022-16:20:41 [Re_Framework.CoreBase.Helper.Element.ButtonHelper] [INFO] [IsButtonEnabled] -  Checking Is Button Enabled 
08-Jun-2022-16:20:41 [Re_Framework.CoreBase.Helper.Element.ButtonHelper] [INFO] [ClickButton] -  Button Click @ //*[@id='submit']
08-Jun-2022-16:20:41 [Re_Framework.CoreBase.Helper.Element.TextBoxHelper] [INFO] [IsTextBoxEnabled] -  Checking Is Textbox Enabled 
08-Jun-2022-16:20:41 [Re_Framework.CoreBase.Helper.Element.TextHelper] [INFO] [GetTextInside] -  Text inside the paragraph @ //*[@id='name'] is Name:ahihi: 
08-Jun-2022-16:20:41 [Re_Framework.CoreBase.Helper.Element.TextBoxHelper] [INFO] [IsTextBoxEnabled] -  Checking Is Textbox Enabled 
08-Jun-2022-16:20:41 [Re_Framework.CoreBase.Helper.Element.TextHelper] [INFO] [GetTextInside] -  Text inside the paragraph @ //*[@id='email'] is Email:ahihi@ahuhu.com: 
08-Jun-2022-16:20:41 [Re_Framework.CoreBase.Helper.Element.TextBoxHelper] [INFO] [IsTextBoxEnabled] -  Checking Is Textbox Enabled 
08-Jun-2022-16:20:42 [Re_Framework.CoreBase.Helper.Element.TextHelper] [INFO] [GetTextInside] -  Text inside the paragraph @ //*[@id='currentAddress'] is : 
08-Jun-2022-16:20:42 [Re_Framework.CoreBase.Helper.Element.TextBoxHelper] [INFO] [IsTextBoxEnabled] -  Checking Is Textbox Enabled 
08-Jun-2022-16:20:42 [Re_Framework.CoreBase.Helper.Element.TextHelper] [INFO] [GetTextInside] -  Text inside the paragraph @ //*[@id='permanentAddress'] is : 
08-Jun-2022-16:20:42 [Re_Framework.CoreBase.BaseClass] [INFO] [TearDown] -  Stopping the Driver  
