09-Jun-2022-10:56:27 [Re_Framework.CoreBase.BaseClass] [INFO] [GetChromeOptions] -  Using Chrome Options 
09-Jun-2022-10:56:31 [Re_Framework.CoreBase.BaseClass] [INFO] [InitWebdriver] -  Using Chrome Driver  
09-Jun-2022-10:56:31 [Re_Framework.CoreBase.Helper.Common.BrowserHelper] [INFO] [BrowserMaximize] -  Browser Maximize 
09-Jun-2022-10:57:25 [Re_Framework.CoreBase.Helper.Common.BrowserHelper] [INFO] [NavigateToUrl] -  Navigate To Page https://demoqa.com/
09-Jun-2022-10:57:27 [Re_Framework.CoreBase.Helper.Element.ButtonHelper] [INFO] [IsButtonEnabled] -  Checking Is Button Enabled 
09-Jun-2022-10:57:27 [Re_Framework.CoreBase.Helper.Element.ButtonHelper] [INFO] [ClickButton] -  Button Click @ /html/body/div[2]/div/div/div[2]/div/div[1]
09-Jun-2022-10:57:27 [Re_Framework.CoreBase.Helper.Element.ButtonHelper] [INFO] [IsButtonEnabled] -  Checking Is Button Enabled 
09-Jun-2022-10:57:27 [Re_Framework.CoreBase.Helper.Element.ButtonHelper] [INFO] [ClickButton] -  Button Click @ //*[@id='item-3']
09-Jun-2022-11:06:31 [Re_Framework.CoreBase.Helper.Element.WebTableHelper] [INFO] [IsEnabled] -  Checking Is WebTable Enabled 
09-Jun-2022-11:06:35 [Re_Framework.CoreBase.BaseClass] [INFO] [TearDown] -  Stopping the Driver  
09-Jun-2022-11:08:07 [Re_Framework.CoreBase.BaseClass] [INFO] [GetChromeOptions] -  Using Chrome Options 
09-Jun-2022-11:08:11 [Re_Framework.CoreBase.BaseClass] [INFO] [InitWebdriver] -  Using Chrome Driver  
09-Jun-2022-11:08:11 [Re_Framework.CoreBase.Helper.Common.BrowserHelper] [INFO] [BrowserMaximize] -  Browser Maximize 
09-Jun-2022-11:08:43 [Re_Framework.CoreBase.Helper.Common.BrowserHelper] [INFO] [NavigateToUrl] -  Navigate To Page https://demoqa.com/
09-Jun-2022-11:08:44 [Re_Framework.CoreBase.Helper.Element.ButtonHelper] [INFO] [IsButtonEnabled] -  Checking Is Button Enabled 
09-Jun-2022-11:08:44 [Re_Framework.CoreBase.Helper.Element.ButtonHelper] [INFO] [ClickButton] -  Button Click @ /html/body/div[2]/div/div/div[2]/div/div[1]
09-Jun-2022-11:08:44 [Re_Framework.CoreBase.Helper.Element.ButtonHelper] [INFO] [IsButtonEnabled] -  Checking Is Button Enabled 
09-Jun-2022-11:08:44 [Re_Framework.CoreBase.Helper.Element.ButtonHelper] [INFO] [ClickButton] -  Button Click @ //*[@id='item-3']
09-Jun-2022-11:11:22 [Re_Framework.CoreBase.Helper.Element.WebTableHelper] [INFO] [IsEnabled] -  Checking Is WebTable Enabled 
09-Jun-2022-11:11:32 [Re_Framework.CoreBase.Helper.Element.WebTableHelper] [INFO] [IsEnabled] -  Checking Is WebTable Enabled 
09-Jun-2022-11:11:35 [Re_Framework.CoreBase.BaseClass] [INFO] [TearDown] -  Stopping the Driver  
